 Processing command: b problem06.c:11
 HandleCommand, cmd_obj : '_regexp-break'
 HandleCommand, (revised) command_string: '_regexp-break problem06.c:11'
 HandleCommand, wants_raw_input:'True'
 HandleCommand, command line after removing command name(s): 'problem06.c:11'
 Processing command: breakpoint set --file 'problem06.c' --line 11
 HandleCommand, cmd_obj : 'breakpoint set'
 HandleCommand, (revised) command_string: 'breakpoint set --file 'problem06.c' --line 11'
 HandleCommand, wants_raw_input:'False'
 HandleCommand, command line after removing command name(s): '--file 'problem06.c' --line 11'
 Target::AddBreakpoint (internal = no) => break_id = 1: file = 'problem06.c', line = 11, exact_match = 0


 HandleCommand, command succeeded
 HandleCommand, command succeeded
 Processing command: b problem06.c:17
 HandleCommand, cmd_obj : '_regexp-break'
 HandleCommand, (revised) command_string: '_regexp-break problem06.c:17'
 HandleCommand, wants_raw_input:'True'
 HandleCommand, command line after removing command name(s): 'problem06.c:17'
 Processing command: breakpoint set --file 'problem06.c' --line 17
 HandleCommand, cmd_obj : 'breakpoint set'
 HandleCommand, (revised) command_string: 'breakpoint set --file 'problem06.c' --line 17'
 HandleCommand, wants_raw_input:'False'
 HandleCommand, command line after removing command name(s): '--file 'problem06.c' --line 17'
 Target::AddBreakpoint (internal = no) => break_id = 2: file = 'problem06.c', line = 17, exact_match = 0


 HandleCommand, command succeeded
 HandleCommand, command succeeded
 Processing command: b main
 HandleCommand, cmd_obj : '_regexp-break'
 HandleCommand, (revised) command_string: '_regexp-break main'
 HandleCommand, wants_raw_input:'True'
 HandleCommand, command line after removing command name(s): 'main'
 Processing command: breakpoint set --name 'main'
 HandleCommand, cmd_obj : 'breakpoint set'
 HandleCommand, (revised) command_string: 'breakpoint set --name 'main''
 HandleCommand, wants_raw_input:'False'
 HandleCommand, command line after removing command name(s): '--name 'main''
 Target::AddBreakpoint (internal = no) => break_id = 3: name = 'main'


 HandleCommand, command succeeded
 HandleCommand, command succeeded
 Processing command: br l
 HandleCommand, cmd_obj : 'breakpoint list'
 HandleCommand, (revised) command_string: 'breakpoint list'
 HandleCommand, wants_raw_input:'False'
 HandleCommand, command line after removing command name(s): ''
 HandleCommand, command succeeded
 Processing command: r
 HandleCommand, cmd_obj : 'process launch'
 HandleCommand, (revised) command_string: 'process launch -X true --'
 HandleCommand, wants_raw_input:'False'
 Repeat command: 
 HandleCommand, command line after removing command name(s): '-X true --'
 HandleCommand, command did not succeed
 Processing command: n
 HandleCommand, cmd_obj : 'thread step-over'
 HandleCommand, (revised) command_string: 'thread step-over'
 HandleCommand, wants_raw_input:'False'
 HandleCommand, command line after removing command name(s): ''
 HandleCommand, command did not succeed
 Processing command: s
 HandleCommand, cmd_obj : 'thread step-in'
 HandleCommand, (revised) command_string: 'thread step-in'
 HandleCommand, wants_raw_input:'False'
 HandleCommand, command line after removing command name(s): ''
 HandleCommand, command did not succeed
 Processing command: finish
 HandleCommand, cmd_obj : 'thread step-out'
 HandleCommand, (revised) command_string: 'thread step-out'
 HandleCommand, wants_raw_input:'False'
 HandleCommand, command line after removing command name(s): ''
 HandleCommand, command did not succeed
 Processing command: quit
 HandleCommand, cmd_obj : 'quit'
 HandleCommand, (revised) command_string: 'quit'
 HandleCommand, wants_raw_input:'False'
 HandleCommand, command line after removing command name(s): ''
 HandleCommand, command did not succeed
