 Processing command: b problem08.c:22
 HandleCommand, cmd_obj : '_regexp-break'
 HandleCommand, (revised) command_string: '_regexp-break problem08.c:22'
 HandleCommand, wants_raw_input:'True'
 HandleCommand, command line after removing command name(s): 'problem08.c:22'
 Processing command: breakpoint set --file 'problem08.c' --line 22
 HandleCommand, cmd_obj : 'breakpoint set'
 HandleCommand, (revised) command_string: 'breakpoint set --file 'problem08.c' --line 22'
 HandleCommand, wants_raw_input:'False'
 HandleCommand, command line after removing command name(s): '--file 'problem08.c' --line 22'
 Target::AddBreakpoint (internal = no) => break_id = 1: file = 'problem08.c', line = 22, exact_match = 0


 HandleCommand, command succeeded
 HandleCommand, command succeeded
 Processing command: problem08.c:36
 HandleCommand, cmd_obj : '<not found>'
 HandleCommand, (revised) command_string: 'problem08.c:36'
 HandleCommand, wants_raw_input:'False'
 HandleCommand, command did not succeed
 Processing command: b problem08.c:36
 HandleCommand, cmd_obj : '_regexp-break'
 HandleCommand, (revised) command_string: '_regexp-break problem08.c:36'
 HandleCommand, wants_raw_input:'True'
 HandleCommand, command line after removing command name(s): 'problem08.c:36'
 Processing command: breakpoint set --file 'problem08.c' --line 36
 HandleCommand, cmd_obj : 'breakpoint set'
 HandleCommand, (revised) command_string: 'breakpoint set --file 'problem08.c' --line 36'
 HandleCommand, wants_raw_input:'False'
 HandleCommand, command line after removing command name(s): '--file 'problem08.c' --line 36'
 Target::AddBreakpoint (internal = no) => break_id = 2: file = 'problem08.c', line = 36, exact_match = 0


 HandleCommand, command succeeded
 HandleCommand, command succeeded
 Processing command: b problem08.c:45
 HandleCommand, cmd_obj : '_regexp-break'
 HandleCommand, (revised) command_string: '_regexp-break problem08.c:45'
 HandleCommand, wants_raw_input:'True'
 HandleCommand, command line after removing command name(s): 'problem08.c:45'
 Processing command: breakpoint set --file 'problem08.c' --line 45
 HandleCommand, cmd_obj : 'breakpoint set'
 HandleCommand, (revised) command_string: 'breakpoint set --file 'problem08.c' --line 45'
 HandleCommand, wants_raw_input:'False'
 HandleCommand, command line after removing command name(s): '--file 'problem08.c' --line 45'
 Target::AddBreakpoint (internal = no) => break_id = 3: file = 'problem08.c', line = 45, exact_match = 0


 HandleCommand, command succeeded
 HandleCommand, command succeeded
 Processing command: b main
 HandleCommand, cmd_obj : '_regexp-break'
 HandleCommand, (revised) command_string: '_regexp-break main'
 HandleCommand, wants_raw_input:'True'
 HandleCommand, command line after removing command name(s): 'main'
 Processing command: breakpoint set --name 'main'
 HandleCommand, cmd_obj : 'breakpoint set'
 HandleCommand, (revised) command_string: 'breakpoint set --name 'main''
 HandleCommand, wants_raw_input:'False'
 HandleCommand, command line after removing command name(s): '--name 'main''
 Target::AddBreakpoint (internal = no) => break_id = 4: name = 'main'


 HandleCommand, command succeeded
 HandleCommand, command succeeded
 Processing command: r
 HandleCommand, cmd_obj : 'process launch'
 HandleCommand, (revised) command_string: 'process launch -X true --'
 HandleCommand, wants_raw_input:'False'
 Repeat command: 
 HandleCommand, command line after removing command name(s): '-X true --'
 HandleCommand, command did not succeed
 Processing command: n
 HandleCommand, cmd_obj : 'thread step-over'
 HandleCommand, (revised) command_string: 'thread step-over'
 HandleCommand, wants_raw_input:'False'
 HandleCommand, command line after removing command name(s): ''
 HandleCommand, command did not succeed
 Processing command: s
 HandleCommand, cmd_obj : 'thread step-in'
 HandleCommand, (revised) command_string: 'thread step-in'
 HandleCommand, wants_raw_input:'False'
 HandleCommand, command line after removing command name(s): ''
 HandleCommand, command did not succeed
 Processing command: finish
 HandleCommand, cmd_obj : 'thread step-out'
 HandleCommand, (revised) command_string: 'thread step-out'
 HandleCommand, wants_raw_input:'False'
 HandleCommand, command line after removing command name(s): ''
 HandleCommand, command did not succeed
 Processing command: quit
 HandleCommand, cmd_obj : 'quit'
 HandleCommand, (revised) command_string: 'quit'
 HandleCommand, wants_raw_input:'False'
 HandleCommand, command line after removing command name(s): ''
 HandleCommand, command did not succeed
