 Processing command: b problem05.c:12
 HandleCommand, cmd_obj : '_regexp-break'
 HandleCommand, (revised) command_string: '_regexp-break problem05.c:12'
 HandleCommand, wants_raw_input:'True'
 HandleCommand, command line after removing command name(s): 'problem05.c:12'
 Processing command: breakpoint set --file 'problem05.c' --line 12
 HandleCommand, cmd_obj : 'breakpoint set'
 HandleCommand, (revised) command_string: 'breakpoint set --file 'problem05.c' --line 12'
 HandleCommand, wants_raw_input:'False'
 HandleCommand, command line after removing command name(s): '--file 'problem05.c' --line 12'
 Target::AddBreakpoint (internal = no) => break_id = 1: file = 'problem05.c', line = 12, exact_match = 0


 HandleCommand, command succeeded
 HandleCommand, command succeeded
 Processing command: b problem05.c:21
 HandleCommand, cmd_obj : '_regexp-break'
 HandleCommand, (revised) command_string: '_regexp-break problem05.c:21'
 HandleCommand, wants_raw_input:'True'
 HandleCommand, command line after removing command name(s): 'problem05.c:21'
 Processing command: breakpoint set --file 'problem05.c' --line 21
 HandleCommand, cmd_obj : 'breakpoint set'
 HandleCommand, (revised) command_string: 'breakpoint set --file 'problem05.c' --line 21'
 HandleCommand, wants_raw_input:'False'
 HandleCommand, command line after removing command name(s): '--file 'problem05.c' --line 21'
 Target::AddBreakpoint (internal = no) => break_id = 2: file = 'problem05.c', line = 21, exact_match = 0


 HandleCommand, command succeeded
 HandleCommand, command succeeded
 Processing command: b main
 HandleCommand, cmd_obj : '_regexp-break'
 HandleCommand, (revised) command_string: '_regexp-break main'
 HandleCommand, wants_raw_input:'True'
 HandleCommand, command line after removing command name(s): 'main'
 Processing command: breakpoint set --name 'main'
 HandleCommand, cmd_obj : 'breakpoint set'
 HandleCommand, (revised) command_string: 'breakpoint set --name 'main''
 HandleCommand, wants_raw_input:'False'
 HandleCommand, command line after removing command name(s): '--name 'main''
 Target::AddBreakpoint (internal = no) => break_id = 3: name = 'main'


 HandleCommand, command succeeded
 HandleCommand, command succeeded
 Processing command: br l
 HandleCommand, cmd_obj : 'breakpoint list'
 HandleCommand, (revised) command_string: 'breakpoint list'
 HandleCommand, wants_raw_input:'False'
 HandleCommand, command line after removing command name(s): ''
 HandleCommand, command succeeded
 Processing command: r
 HandleCommand, cmd_obj : 'process launch'
 HandleCommand, (revised) command_string: 'process launch -X true --'
 HandleCommand, wants_raw_input:'False'
 Repeat command: 
 HandleCommand, command line after removing command name(s): '-X true --'
 HandleCommand, command did not succeed
 Processing command: run
 HandleCommand, cmd_obj : 'process launch'
 HandleCommand, (revised) command_string: 'process launch -X true --'
 HandleCommand, wants_raw_input:'False'
 Repeat command: 
 HandleCommand, command line after removing command name(s): '-X true --'
 HandleCommand, command did not succeed
 Processing command: quit
 HandleCommand, cmd_obj : 'quit'
 HandleCommand, (revised) command_string: 'quit'
 HandleCommand, wants_raw_input:'False'
 HandleCommand, command line after removing command name(s): ''
 HandleCommand, command did not succeed
