 Processing command: b main
 HandleCommand, cmd_obj : '_regexp-break'
 HandleCommand, (revised) command_string: '_regexp-break main'
 HandleCommand, wants_raw_input:'True'
 HandleCommand, command line after removing command name(s): 'main'
 Processing command: breakpoint set --name 'main'
 HandleCommand, cmd_obj : 'breakpoint set'
 HandleCommand, (revised) command_string: 'breakpoint set --name 'main''
 HandleCommand, wants_raw_input:'False'
 HandleCommand, command line after removing command name(s): '--name 'main''
 0x104107e28 Broadcaster("lldb.target")::BroadcastEvent (event_sp = {0x1050079a8 Event: broadcaster = 0x1068b2800 (lldb.target), type = 0x00000001 (breakpoint-changed), data = {bkpt: 1 type: breakpoint added}}, unique =0) hijack = 0x0
 Target::AddBreakpoint (internal = no) => break_id = 1: name = 'main'


 Added location: 1.1: 
  module = /Users/shafinazahsan/github-classroom/FPC-advanced/fpc-advanced-classroom-1st-year-assignment-ShafinazAhsan/set03/problem02
  compile unit = problem02.c
  function = main
  location = /Users/shafinazahsan/github-classroom/FPC-advanced/fpc-advanced-classroom-1st-year-assignment-ShafinazAhsan/set03/problem02.c:35:5
  address = problem02[0x0000000100003e9c]
  resolved = false
  hardware = false
  hit count = 0   


 HandleCommand, command succeeded
 HandleCommand, command succeeded
 Processing command: r
 HandleCommand, cmd_obj : 'process launch'
 HandleCommand, (revised) command_string: 'process launch -X true --'
 HandleCommand, wants_raw_input:'False'
 Repeat command: 
 HandleCommand, command line after removing command name(s): '-X true --'
 Target::Launch() called for /Users/shafinazahsan/github-classroom/FPC-advanced/fpc-advanced-classroom-1st-year-assignment-ShafinazAhsan/set03/problem02
 Target::Launch the process instance doesn't currently exist.
 have platform=true, platform_sp->IsHost()=true, default_to_use_pty=true
 at least one of stdin/stdout/stderr was not set, evaluating default handling
 target stdin='(empty)', target stdout='(empty)', stderr='(empty)'
 Generating a pty to use for stdin/out/err
 Target::Launch asking the platform to debug the process
 Host::StartMonitoringChildProcess(callback, pid=1430) source = 0x105004650

 ::waitpid (pid = 1430, &status, 0) => pid = 1430, status = 0x00000000 (EXITED), signal = 0, exit_status = 0
 Host::StartMonitoringChildProcess(callback, pid=1431) source = 0x11dedf520

 (plugin = gdb-remote, state = attaching, restarted = 0)
 Host::StartMonitoringChildProcess(callback, pid=1432) source = 0x1041d3fb0

 thread created
 Process::AttachCompletionHandler::AttachCompletionHandler process=0x1068b0000, exec_count=0
 Process::ControlPrivateStateThread (signal = 4)
 thread created
 Sending control event of type: 4.
 Process::RunPrivateStateThread (arg = 0x1068b0000, pid = 1431) thread starting...
 timeout = <infinite>, event_sp)...
 Process::RunPrivateStateThread (arg = 0x1068b0000, pid = 1431) got a control event: 4
 timeout = <infinite>, event_sp)...
 thread created
 timeout = <infinite>
 timeout = <infinite>, event_sp)...
 (plugin = gdb-remote, state = stopped)
 (plugin = gdb-remote, state = stopped, stop_id = 1
 Process::AttachCompletionHandler::PerformAction called with state stopped (5)
 Discarding thread plans for thread (tid = 0x384e, force 1)
 Thread::PushPlan(0x0x11dd79958): "Base thread plan.", tid = 0x384e.
 Process::AttachCompletionHandler::PerformAction state stopped: no more execs expected to start, continuing with attach
 Process::CompleteAttach()
 Setting Process code address mask to 0xffff800000000000
 Setting Process data address mask to 0xffff800000000000
 Target::SetArchitecture merging compatible arch; arch is now arm64 (arm64-apple-macosx14.0.0)
 Process::CompleteAttach replacing process architecture with DidAttach() architecture: arm64e-apple-macosx-
 DynamicLoaderDarwin::UseDYLDSPI: Use new DynamicLoader plugin
 DynamicLoaderDarwin::UseDYLDSPI: Use new DynamicLoader plugin
 Unloaded:
 DynamicLoaderDarwin::UnloadAllImages[0] CB5D3337-0E4F-3748-ACC6-030C2EF5272E (arm64) "/Users/shafinazahsan/github-classroom/FPC-advanced/fpc-advanced-classroom-1st-year-assignment-ShafinazAhsan/set03/problem02"
 DynamicLoaderDarwin::UnloadAllImages[1] FFD8AB66-C9AB-31DF-AB80-3A3DFF367DDD (arm64e) "/usr/lib/dyld"
 DynamicLoaderDarwin::UnloadAllImages[2] F0A54B2D-8751-35F1-A3CF-F1A02F842211 (arm64e) "/usr/lib/libSystem.B.dylib"
 DynamicLoaderDarwin::UnloadAllImages[3] C683623C-1FF6-3133-9E28-28672FDBA4D3 (arm64e) "/usr/lib/system/libcache.dylib"
 DynamicLoaderDarwin::UnloadAllImages[4] BFDF8F55-D3DC-3A92-B8A1-8EF165A56F1B (arm64e) "/usr/lib/system/libcommonCrypto.dylib"
 DynamicLoaderDarwin::UnloadAllImages[5] B29A99B2-7ADE-3371-A774-B690BEC3C406 (arm64e) "/usr/lib/system/libcompiler_rt.dylib"
 DynamicLoaderDarwin::UnloadAllImages[6] 65612C42-C5E4-3821-B71D-DDE620FB014C (arm64e) "/usr/lib/system/libcopyfile.dylib"
 DynamicLoaderDarwin::UnloadAllImages[7] B3AC12C0-8ED6-35A2-86C6-0BFA55BFF333 (arm64e) "/usr/lib/system/libcorecrypto.dylib"
 DynamicLoaderDarwin::UnloadAllImages[8] 8790BA20-19EC-3A36-8975-E34382D9747C (arm64e) "/usr/lib/system/libdispatch.dylib"
 DynamicLoaderDarwin::UnloadAllImages[9] 4BB77515-DBA8-3EDF-9AF7-3C9EAE959EA6 (arm64e) "/usr/lib/system/libdyld.dylib"
 DynamicLoaderDarwin::UnloadAllImages[10] F7CE9486-FFF5-3CB8-B26F-75811EF4283A (arm64e) "/usr/lib/system/libkeymgr.dylib"
 DynamicLoaderDarwin::UnloadAllImages[11] 1A7038EC-EE49-35AE-8A3C-C311083795FB (arm64e) "/usr/lib/system/libmacho.dylib"
 DynamicLoaderDarwin::UnloadAllImages[12] 3011123B-C35C-35FC-AB0B-8D775C9109D1 (arm64e) "/usr/lib/system/libquarantine.dylib"
 DynamicLoaderDarwin::UnloadAllImages[13] CE63E895-25E4-350C-BB79-0EFD3AC899E5 (arm64e) "/usr/lib/system/libremovefile.dylib"
 DynamicLoaderDarwin::UnloadAllImages[14] 2EA1DA8E-A94D-32EA-A64F-DD586FE72599 (arm64e) "/usr/lib/system/libsystem_asl.dylib"
 DynamicLoaderDarwin::UnloadAllImages[15] A81CDBDB-D1B1-386E-9029-2F6E0F685E3A (arm64e) "/usr/lib/system/libsystem_blocks.dylib"
 DynamicLoaderDarwin::UnloadAllImages[16] 1B84A7E4-8958-330C-98B8-27D491DFF69E (arm64e) "/usr/lib/system/libsystem_c.dylib"
 DynamicLoaderDarwin::UnloadAllImages[17] FA0C6F96-A737-3F29-B640-99E313873A21 (arm64e) "/usr/lib/system/libsystem_collections.dylib"
 DynamicLoaderDarwin::UnloadAllImages[18] 5E85DB71-174E-3E61-A3C9-36D5E0CBBF46 (arm64e) "/usr/lib/system/libsystem_configuration.dylib"
 DynamicLoaderDarwin::UnloadAllImages[19] 8E716F51-A02E-3005-9F6F-84163BFAF1AE (arm64e) "/usr/lib/system/libsystem_containermanager.dylib"
 DynamicLoaderDarwin::UnloadAllImages[20] 0ECFD7D1-0230-3C32-BDD7-4715D94A28E6 (arm64e) "/usr/lib/system/libsystem_coreservices.dylib"
 DynamicLoaderDarwin::UnloadAllImages[21] 67509907-7BCE-3723-A305-0B042A41FDA5 (arm64e) "/usr/lib/system/libsystem_darwin.dylib"
 DynamicLoaderDarwin::UnloadAllImages[22] F1E52C1A-7156-3BED-AD5B-1CE3AFFDFCE3 (arm64e) "/usr/lib/system/libsystem_darwindirectory.dylib"
 DynamicLoaderDarwin::UnloadAllImages[23] 82426BAB-A0A9-3C99-8A86-DABB3A0BA072 (arm64e) "/usr/lib/system/libsystem_dnssd.dylib"
 DynamicLoaderDarwin::UnloadAllImages[24] 0C18273A-0DB8-3522-853B-67A2187EEF07 (arm64e) "/usr/lib/system/libsystem_featureflags.dylib"
 DynamicLoaderDarwin::UnloadAllImages[25] 8F2A7530-B8D3-3705-B2B7-9347D9495223 (arm64e) "/usr/lib/system/libsystem_info.dylib"
 DynamicLoaderDarwin::UnloadAllImages[26] 72899DE6-A120-389C-90DC-B94C392EF655 (arm64e) "/usr/lib/system/libsystem_m.dylib"
 DynamicLoaderDarwin::UnloadAllImages[27] 00379936-C90E-3D9D-A569-3F97338F1472 (arm64e) "/usr/lib/system/libsystem_malloc.dylib"
 DynamicLoaderDarwin::UnloadAllImages[28] 9DBF57DB-0008-3584-89A3-1463AB9E4967 (arm64e) "/usr/lib/system/libsystem_networkextension.dylib"
 DynamicLoaderDarwin::UnloadAllImages[29] 7DA7113E-E87A-3E78-AD4F-77F6EC076E42 (arm64e) "/usr/lib/system/libsystem_notify.dylib"
 DynamicLoaderDarwin::UnloadAllImages[30] 3BC895C5-B10E-39F4-B761-E79D5719FB1D (arm64e) "/usr/lib/system/libsystem_sandbox.dylib"
 DynamicLoaderDarwin::UnloadAllImages[31] 1C92CD80-54E6-3E70-BB3C-7264A160AD7C (arm64e) "/usr/lib/system/libsystem_secinit.dylib"
 DynamicLoaderDarwin::UnloadAllImages[32] A7D3C07D-0A1E-3C4C-8FBA-66905E16BF99 (arm64e) "/usr/lib/system/libsystem_kernel.dylib"
 DynamicLoaderDarwin::UnloadAllImages[33] E7E2F10A-772A-397F-BD19-A7EA5A54E49F (arm64e) "/usr/lib/system/libsystem_platform.dylib"
 DynamicLoaderDarwin::UnloadAllImages[34] E4DEBB6E-421D-33D0-9E17-77AE0E0FE4DC (arm64e) "/usr/lib/system/libsystem_pthread.dylib"
 DynamicLoaderDarwin::UnloadAllImages[35] 2D7D536C-1D08-304A-9E67-BFB1E99301FE (arm64e) "/usr/lib/system/libsystem_symptoms.dylib"
 DynamicLoaderDarwin::UnloadAllImages[36] 4AF0EA7D-E9F4-30E7-914D-FB292EDB7F37 (arm64e) "/usr/lib/system/libsystem_trace.dylib"
 DynamicLoaderDarwin::UnloadAllImages[37] FB2051CF-36B6-348F-B8DF-5B2F702F6290 (arm64e) "/usr/lib/system/libunwind.dylib"
 DynamicLoaderDarwin::UnloadAllImages[38] 84971772-939B-3130-8908-B7A38851A516 (arm64e) "/usr/lib/system/libxpc.dylib"
 DynamicLoaderDarwin::UnloadAllImages[39] 1C0364B5-D7E3-3170-BAA6-9C28F400E7CC (arm64e) "/usr/lib/libobjc.A.dylib"
 DynamicLoaderDarwin::UnloadAllImages[40] 43940F08-B65E-3888-8CD3-C52398EB1CA1 (arm64e) "/usr/lib/libc++abi.dylib"
 DynamicLoaderDarwin::UnloadAllImages[41] 5A83FBC3-0944-3D77-8DF2-03E262F67AFA (arm64e) "/usr/lib/liboah.dylib"
 DynamicLoaderDarwin::UnloadAllImages[42] 93FBD681-FC78-33A3-AFFE-568702676142 (arm64e) "/usr/lib/libc++.1.dylib"
 Breakpoint::ModulesChanged: num_modules: 43 load: 0 delete_locations: 0

 0x104107e28 Broadcaster("lldb.target")::BroadcastEvent (event_sp = {0x11ddb63e8 Event: broadcaster = 0x1068b2800 (lldb.target), type = 0x00000001 (breakpoint-changed), data = {bkpt: 1 type: locations removed}}, unique =0) hijack = 0x0
 Initial module fetch:  Adding 2 modules.

 Found executable module: /Users/shafinazahsan/github-classroom/FPC-advanced/fpc-advanced-classroom-1st-year-assignment-ShafinazAhsan/set03/problem02
 Found dyld module: /usr/lib/dyld
 Adding new image at address=0x000000010000c000.
 address=0x000000010000c000 uuid=FFD8AB66-C9AB-31DF-AB80-3A3DFF367DDD path='/usr/lib/dyld'
 		          __TEXT [0x000000010000c000 - 0x00000001000a0000) slide = 0x10000c000
 		    __DATA_CONST [0x00000001000a0000 - 0x00000001000a8000) slide = 0x10000c000
 		          __DATA [0x00000001000a8000 - 0x00000001000ac000) slide = 0x10000c000
 		    __DATA_DIRTY [0x00000001000ac000 - 0x00000001000b0000) slide = 0x10000c000
 		      __LINKEDIT [0x00000001000b0000 - 0x000000010010c000) slide = 0x10000c000
 Adding new image at address=0x0000000100000000.
 address=0x0000000100000000 uuid=CB5D3337-0E4F-3748-ACC6-030C2EF5272E path='/Users/shafinazahsan/github-classroom/FPC-advanced/fpc-advanced-classroom-1st-year-assignment-ShafinazAhsan/set03/problem02'
 		      __PAGEZERO [0x0000000000000000 - 0x0000000100000000)
 		          __TEXT [0x0000000100000000 - 0x0000000100004000)
 		    __DATA_CONST [0x0000000100004000 - 0x0000000100008000)
 		      __LINKEDIT [0x0000000100008000 - 0x000000010000c000)
 DynamicLoaderDarwin::ModulesDidLoad[0] FFD8AB66-C9AB-31DF-AB80-3A3DFF367DDD (arm64e) "/usr/lib/dyld"
 DynamicLoaderDarwin::ModulesDidLoad[1] CB5D3337-0E4F-3748-ACC6-030C2EF5272E (arm64) "/Users/shafinazahsan/github-classroom/FPC-advanced/fpc-advanced-classroom-1st-year-assignment-ShafinazAhsan/set03/problem02"
 Breakpoint::ModulesChanged: num_modules: 2 load: 1 delete_locations: 0

 GDBRemoteCommunicationClient::SendGDBStoppointTypePacket() add at addr = 0x100003e9c
 0x104107e28 Broadcaster("lldb.target")::BroadcastEvent (event_sp = {0x11ddb6828 Event: broadcaster = 0x1068b2800 (lldb.target), type = 0x00000001 (breakpoint-changed), data = {bkpt: 1 type: locations resolved}}, unique =0) hijack = 0x0
 Target::AddBreakpoint (internal = yes) => break_id = -1: name = '_dyld_debugger_notification', language = c, module = dyld


 GDBRemoteCommunicationClient::SendGDBStoppointTypePacket() add at addr = 0x10000de20
 after DynamicLoader::DidAttach(), target executable is /Users/shafinazahsan/github-classroom/FPC-advanced/fpc-advanced-classroom-1st-year-assignment-ShafinazAhsan/set03/problem02 (using macos-dyld plugin)
 after SystemRuntime::DidAttach(), target executable is /Users/shafinazahsan/github-classroom/FPC-advanced/fpc-advanced-classroom-1st-year-assignment-ShafinazAhsan/set03/problem02 (using systemruntime-macosx plugin)
 Ran next event action, result was 0.
 0x11dd79958: tid = 0x384e: stop info = <NULL> (stop_id = 1)
 0x11dd79958: tid = 0x384e: stop info = signal SIGSTOP (stop_id = 1)
 
 ThreadList::ShouldStop: 1 threads, 1 unsuspended threads
 Thread::ShouldStop(0x11dd79958) for tid = 0x384e 0x384e, pc = 0x0000000100010b70
 ^^^^^^^^ Thread::ShouldStop Begin ^^^^^^^^
 Plan stack initial state:
  thread #1: tid = 0x384e:
    Active plan stack:
      Element 0: Base thread plan.

 Base plan discarding thread plans for thread tid = 0x384e (signal: signal SIGSTOP)
 Discarding thread plans for thread (tid = 0x384e, force 0)
 Base plan says should stop: 1.
 Plan stack final state:
  thread #1: tid = 0x384e:
    Active plan stack:
      Element 0: Base thread plan.

 vvvvvvvv Thread::ShouldStop End (returning 1) vvvvvvvv
 ThreadList::ShouldStop overall should_stop = 1
 Process::ShouldBroadcastEvent (0x11dd82450) => new state: stopped, last broadcast state: stopped - YES
 Process::HandlePrivateEvent (pid = 1431) broadcasting new state stopped (old state stopped) to hijacked
 timeout = <infinite>, event_sp)...
 (plugin = gdb-remote, state = stopped, restarted = 0)
 (plugin = gdb-remote, state = stopped) -- unlocking run lock
 timeout = <infinite>, event_sp) => stopped
 (plugin = gdb-remote) -- locking run lock
 Process::PrivateResume() m_stop_id = 1, public state: stopped private state: stopped
 WillResume Thread #1 (0x0x11dd79958): tid = 0x384e, pc = 0x100010b70, sp = 0x16fdfefb0, fp = 0x00000000, plan = 'base plan', state = running, stop others = 0
 (plugin = gdb-remote, state = running)
 Current Plan for thread 1(0x11dd79958) (0x384e, running): base plan being asked whether we should report run.
 Process::ShouldBroadcastEvent (0x11ddb8070) => new state: running, last broadcast state: running - YES
 Process thinks the process has resumed.
 Process::HandlePrivateEvent (pid = 1431) broadcasting new state running (old state running) to public
 Process::PushProcessIOHandler pushing IO handler
 Process::HandlePrivateEvent updated m_iohandler_sync to 1
 timeout = <infinite>, event_sp)...
 waited from m_iohandler_sync to change from 0. New value is 1.
 (plugin = gdb-remote, state = running, restarted = 0)
 HandleCommand, command succeeded
 (plugin = gdb-remote, state = stopped)
 (plugin = gdb-remote, state = stopped, stop_id = 2
 0x11dd79958: tid = 0x384e: stop info = <NULL> (stop_id = 2)
 0x11dd79958: tid = 0x384e: stop info = shared-library-event (stop_id = 2)
 
 ThreadList::ShouldStop: 1 threads, 1 unsuspended threads
 Thread::ShouldStop(0x11dd79958) for tid = 0x384e 0x384e, pc = 0x000000010000de20
 ^^^^^^^^ Thread::ShouldStop Begin ^^^^^^^^
 Plan stack initial state:
  thread #1: tid = 0x384e:
    Active plan stack:
      Element 0: Base thread plan.

 Target::RemoveBreakpointByID (break_id = -1, internal = yes)

 Target::DisableBreakpointByID (break_id = -1, internal = yes)

 GDBRemoteCommunicationClient::SendGDBStoppointTypePacket() remove at addr = 0x10000de20
 Unloaded:
 DynamicLoaderDarwin::UnloadAllImages[0] CB5D3337-0E4F-3748-ACC6-030C2EF5272E (arm64) "/Users/shafinazahsan/github-classroom/FPC-advanced/fpc-advanced-classroom-1st-year-assignment-ShafinazAhsan/set03/problem02"
 Breakpoint::ModulesChanged: num_modules: 1 load: 0 delete_locations: 0

 GDBRemoteCommunicationClient::SendGDBStoppointTypePacket() remove at addr = 0x100003e9c
 0x104107e28 Broadcaster("lldb.target")::BroadcastEvent (event_sp = {0x11dee59b8 Event: broadcaster = 0x1068b2800 (lldb.target), type = 0x00000001 (breakpoint-changed), data = {bkpt: 1 type: locations removed}}, unique =0) hijack = 0x0
 Target::AddBreakpoint (internal = yes) => break_id = -2: address = 0x0000000186475a0c


 GDBRemoteCommunicationClient::SendGDBStoppointTypePacket() add at addr = 0x186475a0c
 Hit breakpoint location: -1.1: 
  module = /usr/lib/dyld
  symbol = _dyld_debugger_notification
  address = dyld[0x00000001800b8e20]
  resolved = false
  hardware = false
  hit count = 1   
, continuing.

 StopInfo::ShouldStop async callback says we should not stop, returning ShouldStop of false.
 ThreadList::ShouldStop overall should_stop = 0
 ThreadList::ShouldReportStop 1 threads
 Thread::ShouldReportStop() tid = 0x384e: returning vote 0 for current plan
 Returning no opinion
 Process::ShouldBroadcastEvent: should_resume: 1 state: stopped was_restarted: 0 report_stop_vote: 0.
 Process::ShouldBroadcastEvent (0x11dedda70) Restarting process from state: stopped
 Process::PrivateResume() m_stop_id = 2, public state: running private state: stopped
 WillResume Thread #1 (0x0x11dd79958): tid = 0x384e, pc = 0x10000de20, sp = 0x16fdfec60, fp = 0x16fdfed10, plan = 'base plan', state = running, stop others = 0
 (plugin = gdb-remote, state = running)
 Process thinks the process has resumed.
 Process::ShouldBroadcastEvent (0x11dedda70) => new state: stopped, last broadcast state: running - NO
 Process::HandlePrivateEvent (pid = 1431) suppressing state stopped (old state running): should_broadcast == false
 timeout = <infinite>, event_sp)...
 Process::ShouldBroadcastEvent (0x11ddbdb60) => new state: running, last broadcast state: running - NO
 Process::HandlePrivateEvent (pid = 1431) suppressing state running (old state running): should_broadcast == false
 timeout = <infinite>, event_sp)...
 (plugin = gdb-remote, state = stopped)
 (plugin = gdb-remote, state = stopped, stop_id = 3
 0x11dd79958: tid = 0x384e: stop info = <NULL> (stop_id = 3)
 0x11dd79958: tid = 0x384e: stop info =  (stop_id = 3)
 
 ThreadList::ShouldStop: 1 threads, 1 unsuspended threads
 Thread::ShouldStop(0x11dd79958) for tid = 0x384e 0x384e, pc = 0x0000000186475a0c
 ^^^^^^^^ Thread::ShouldStop Begin ^^^^^^^^
 Plan stack initial state:
  thread #1: tid = 0x384e:
    Active plan stack:
      Element 0: Base thread plan.

 Target::RemoveBreakpointByID (break_id = -2, internal = yes)

 Target::DisableBreakpointByID (break_id = -2, internal = yes)

 GDBRemoteCommunicationClient::SendGDBStoppointTypePacket() remove at addr = 0x186475a0c
 Initial module fetch:  Adding 2 modules.

 Found executable module: /Users/shafinazahsan/github-classroom/FPC-advanced/fpc-advanced-classroom-1st-year-assignment-ShafinazAhsan/set03/problem02
 Found dyld module: /usr/lib/dyld
 Adding new image at address=0x000000018642b000.
 address=0x000000018642b000 uuid=FFD8AB66-C9AB-31DF-AB80-3A3DFF367DDD path='/usr/lib/dyld'
 		          __TEXT [0x000000018642b000 - 0x00000001864be874) slide = 0x6374000
 		    __DATA_CONST [0x00000001e18f1bd0 - 0x00000001e18f7380) slide = 0x6374000
 		          __DATA [0x00000001ddf31e80 - 0x00000001ddf34a4c) slide = 0x6374000
 		    __DATA_DIRTY [0x00000001dda710c0 - 0x00000001dda72c20) slide = 0x6374000
 		      __LINKEDIT [0x000000023dfa4000 - 0x0000000275614000) slide = 0x6374000
 Adding new image at address=0x0000000100000000.
 address=0x0000000100000000 uuid=CB5D3337-0E4F-3748-ACC6-030C2EF5272E path='/Users/shafinazahsan/github-classroom/FPC-advanced/fpc-advanced-classroom-1st-year-assignment-ShafinazAhsan/set03/problem02'
 		      __PAGEZERO [0x0000000000000000 - 0x0000000100000000)
 		          __TEXT [0x0000000100000000 - 0x0000000100004000)
 		    __DATA_CONST [0x0000000100004000 - 0x0000000100008000)
 		      __LINKEDIT [0x0000000100008000 - 0x000000010000c000)
 DynamicLoaderDarwin::ModulesDidLoad[0] FFD8AB66-C9AB-31DF-AB80-3A3DFF367DDD (arm64e) "/usr/lib/dyld"
 DynamicLoaderDarwin::ModulesDidLoad[1] CB5D3337-0E4F-3748-ACC6-030C2EF5272E (arm64) "/Users/shafinazahsan/github-classroom/FPC-advanced/fpc-advanced-classroom-1st-year-assignment-ShafinazAhsan/set03/problem02"
 Breakpoint::ModulesChanged: num_modules: 2 load: 1 delete_locations: 0

 GDBRemoteCommunicationClient::SendGDBStoppointTypePacket() add at addr = 0x100003e9c
 0x104107e28 Broadcaster("lldb.target")::BroadcastEvent (event_sp = {0x11dee1b48 Event: broadcaster = 0x1068b2800 (lldb.target), type = 0x00000001 (breakpoint-changed), data = {bkpt: 1 type: locations resolved}}, unique =0) hijack = 0x0
 Target::AddBreakpoint (internal = yes) => break_id = -3: name = '_dyld_debugger_notification', language = c, module = dyld


 GDBRemoteCommunicationClient::SendGDBStoppointTypePacket() add at addr = 0x18642ce20
 Hit breakpoint location: -2.1: 
  address = 0x0000000186475a0c
  resolved = false
  hardware = false
  hit count = 1   
, continuing.

 StopInfo::ShouldStop async callback says we should not stop, returning ShouldStop of false.
 ThreadList::ShouldStop overall should_stop = 0
 ThreadList::ShouldReportStop 1 threads
 Thread::ShouldReportStop() tid = 0x384e: returning vote 0 for current plan
 Returning no opinion
 Process::ShouldBroadcastEvent: should_resume: 1 state: stopped was_restarted: 0 report_stop_vote: 0.
 Process::ShouldBroadcastEvent (0x10430ec00) Restarting process from state: stopped
 Process::PrivateResume() m_stop_id = 3, public state: running private state: stopped
 WillResume Thread #1 (0x0x11dd79958): tid = 0x384e, pc = 0x186475a0c, sp = 0x16fdfec10, fp = 0x16fdfed70, plan = 'base plan', state = running, stop others = 0
 (plugin = gdb-remote, state = running)
 Process thinks the process has resumed.
 Process::ShouldBroadcastEvent (0x10430ec00) => new state: stopped, last broadcast state: running - NO
 Process::HandlePrivateEvent (pid = 1431) suppressing state stopped (old state running): should_broadcast == false
 timeout = <infinite>, event_sp)...
 Process::ShouldBroadcastEvent (0x10430fa50) => new state: running, last broadcast state: running - NO
 Process::HandlePrivateEvent (pid = 1431) suppressing state running (old state running): should_broadcast == false
 timeout = <infinite>, event_sp)...
 (plugin = gdb-remote, state = stopped)
 (plugin = gdb-remote, state = stopped, stop_id = 4
 0x11dd79958: tid = 0x384e: stop info = <NULL> (stop_id = 4)
 0x11dd79958: tid = 0x384e: stop info = shared-library-event (stop_id = 4)
 
 ThreadList::ShouldStop: 1 threads, 1 unsuspended threads
 Thread::ShouldStop(0x11dd79958) for tid = 0x384e 0x384e, pc = 0x000000018642ce20
 ^^^^^^^^ Thread::ShouldStop Begin ^^^^^^^^
 Plan stack initial state:
  thread #1: tid = 0x384e:
    Active plan stack:
      Element 0: Base thread plan.

 Adding 1 modules.
 Adding new image at address=0x0000000100000000.
 address=0x0000000100000000 uuid=CB5D3337-0E4F-3748-ACC6-030C2EF5272E path='/Users/shafinazahsan/github-classroom/FPC-advanced/fpc-advanced-classroom-1st-year-assignment-ShafinazAhsan/set03/problem02'
 		      __PAGEZERO [0x0000000000000000 - 0x0000000100000000)
 		          __TEXT [0x0000000100000000 - 0x0000000100004000)
 		    __DATA_CONST [0x0000000100004000 - 0x0000000100008000)
 		      __LINKEDIT [0x0000000100008000 - 0x000000010000c000)
 Hit breakpoint location: -3.1: 
  module = /usr/lib/dyld
  symbol = _dyld_debugger_notification
  address = 0x000000018642ce20
  resolved = true
  hardware = false
  hit count = 1   
, continuing.

 StopInfo::ShouldStop async callback says we should not stop, returning ShouldStop of false.
 ThreadList::ShouldStop overall should_stop = 0
 ThreadList::ShouldReportStop 1 threads
 Thread::ShouldReportStop() tid = 0x384e: returning vote 0 for current plan
 Returning no opinion
 Process::ShouldBroadcastEvent: should_resume: 1 state: stopped was_restarted: 0 report_stop_vote: 0.
 Process::ShouldBroadcastEvent (0x1043100c0) Restarting process from state: stopped
 Process::PrivateResume() m_stop_id = 4, public state: running private state: stopped
 Thread::PushPlan(0x0x11dd79958): "Single stepping past breakpoint site 5 at 0x18642ce20", tid = 0x384e.
 WillResume Thread #1 (0x0x11dd79958): tid = 0x384e, pc = 0x18642ce20, sp = 0x16fdfeb50, fp = 0x16fdfec00, plan = 'Step over breakpoint trap', state = stepping, stop others = 1
 GDBRemoteCommunicationClient::SendGDBStoppointTypePacket() remove at addr = 0x18642ce20
 (plugin = gdb-remote, state = running)
 Process thinks the process has resumed.
 Process::ShouldBroadcastEvent (0x1043100c0) => new state: stopped, last broadcast state: running - NO
 Process::HandlePrivateEvent (pid = 1431) suppressing state stopped (old state running): should_broadcast == false
 timeout = <infinite>, event_sp)...
 Process::ShouldBroadcastEvent (0x11def1ad0) => new state: running, last broadcast state: running - NO
 Process::HandlePrivateEvent (pid = 1431) suppressing state running (old state running): should_broadcast == false
 timeout = <infinite>, event_sp)...
 (plugin = gdb-remote, state = stopped)
 (plugin = gdb-remote, state = stopped, stop_id = 5
 0x11dd79958: tid = 0x384e: stop info = <NULL> (stop_id = 5)
 0x11dd79958: tid = 0x384e: stop info = trace (stop_id = 5)
 
 ThreadList::ShouldStop: 1 threads, 1 unsuspended threads
 Thread::ShouldStop(0x11dd79958) for tid = 0x384e 0x384e, pc = 0x0000000186475ac8
 ^^^^^^^^ Thread::ShouldStop Begin ^^^^^^^^
 Plan stack initial state:
  thread #1: tid = 0x384e:
    Active plan stack:
      Element 0: Base thread plan.
      Element 1: Single stepping past breakpoint site 5 at 0x18642ce20

 Step over breakpoint stopped for reason: trace.
 Plan Step over breakpoint trap should stop: 0.
 Completed step over breakpoint plan.
 GDBRemoteCommunicationClient::SendGDBStoppointTypePacket() add at addr = 0x18642ce20
 Plan Step over breakpoint trap auto-continue: true.
 Popping plan: "Step over breakpoint trap", tid = 0x384e.
 Plan stack final state:
  thread #1: tid = 0x384e:
    Active plan stack:
      Element 0: Base thread plan.
    Completed plan stack:
      Element 0: Single stepping past breakpoint site 5 at 0x18642ce20

 vvvvvvvv Thread::ShouldStop End (returning 0) vvvvvvvv
 ThreadList::ShouldStop overall should_stop = 0
 ThreadList::ShouldReportStop 1 threads
 Thread::ShouldReportStop() tid = 0x384e: returning vote for complete stack's back plan
 Returning vote: no
 Returning no
 Process::ShouldBroadcastEvent: should_resume: 1 state: stopped was_restarted: 0 report_stop_vote: -1.
 Process::ShouldBroadcastEvent (0x11def1ad0) Restarting process from state: stopped
 Process::PrivateResume() m_stop_id = 5, public state: running private state: stopped
 WillResume Thread #1 (0x0x11dd79958): tid = 0x384e, pc = 0x186475ac8, sp = 0x16fdfeb50, fp = 0x16fdfec00, plan = 'base plan', state = running, stop others = 0
 (plugin = gdb-remote, state = running)
 Process thinks the process has resumed.
 Process::ShouldBroadcastEvent (0x11def1ad0) => new state: stopped, last broadcast state: running - NO
 Process::HandlePrivateEvent (pid = 1431) suppressing state stopped (old state running): should_broadcast == false
 timeout = <infinite>, event_sp)...
 Process::ShouldBroadcastEvent (0x11de37830) => new state: running, last broadcast state: running - NO
 Process::HandlePrivateEvent (pid = 1431) suppressing state running (old state running): should_broadcast == false
 timeout = <infinite>, event_sp)...
 (plugin = gdb-remote, state = stopped)
 (plugin = gdb-remote, state = stopped, stop_id = 6
 0x11dd79958: tid = 0x384e: stop info = <NULL> (stop_id = 6)
 0x11dd79958: tid = 0x384e: stop info = shared-library-event (stop_id = 6)
 
 ThreadList::ShouldStop: 1 threads, 1 unsuspended threads
 Thread::ShouldStop(0x11dd79958) for tid = 0x384e 0x384e, pc = 0x000000018642ce20
 ^^^^^^^^ Thread::ShouldStop Begin ^^^^^^^^
 Plan stack initial state:
  thread #1: tid = 0x384e:
    Active plan stack:
      Element 0: Base thread plan.

 Adding 41 modules.
 Adding new image at address=0x0000000192fcd000.
 address=0x0000000192fcd000 uuid=F0A54B2D-8751-35F1-A3CF-F1A02F842211 path='/usr/lib/libSystem.B.dylib'
 		          __TEXT [0x0000000192fcd000 - 0x0000000192fcf000) slide = 0x6374000
 		    __DATA_CONST [0x00000001da82db98 - 0x00000001da82dba8) slide = 0x6374000
 		    __AUTH_CONST [0x00000001e28315a8 - 0x00000001e2831878) slide = 0x6374000
 		          __AUTH [0x00000001de0b8650 - 0x00000001de0b8658) slide = 0x6374000
 		          __DATA [0x00000001dcabad60 - 0x00000001dcabad68) slide = 0x6374000
 		      __LINKEDIT [0x000000023dfa4000 - 0x0000000275614000) slide = 0x6374000
 Adding new image at address=0x0000000192fc7000.
 address=0x0000000192fc7000 uuid=C683623C-1FF6-3133-9E28-28672FDBA4D3 path='/usr/lib/system/libcache.dylib'
 		          __TEXT [0x0000000192fc7000 - 0x0000000192fcd000) slide = 0x6374000
 		    __DATA_CONST [0x00000001da82daf0 - 0x00000001da82db98) slide = 0x6374000
 		    __AUTH_CONST [0x00000001e28314d0 - 0x00000001e28315a8) slide = 0x6374000
 		      __LINKEDIT [0x000000023dfa4000 - 0x0000000275614000) slide = 0x6374000
 Adding new image at address=0x0000000192f83000.
 address=0x0000000192f83000 uuid=BFDF8F55-D3DC-3A92-B8A1-8EF165A56F1B path='/usr/lib/system/libcommonCrypto.dylib'
 		          __TEXT [0x0000000192f83000 - 0x0000000192f90ff8) slide = 0x6374000
 		    __DATA_CONST [0x00000001da82cb08 - 0x00000001da82d2a8) slide = 0x6374000
 		    __AUTH_CONST [0x00000001e282f558 - 0x00000001e2830388) slide = 0x6374000
 		          __AUTH [0x00000001de0b8630 - 0x00000001de0b8650) slide = 0x6374000
 		      __LINKEDIT [0x000000023dfa4000 - 0x0000000275614000) slide = 0x6374000
 Adding new image at address=0x0000000192fae000.
 address=0x0000000192fae000 uuid=B29A99B2-7ADE-3371-A774-B690BEC3C406 path='/usr/lib/system/libcompiler_rt.dylib'
 		          __TEXT [0x0000000192fae000 - 0x0000000192fb2000) slide = 0x6374000
 		    __AUTH_CONST [0x00000001e2830c60 - 0x00000001e2830cc0) slide = 0x6374000
 		          __DATA [0x00000001dcab9cf0 - 0x00000001dcabacf0) slide = 0x6374000
 		      __LINKEDIT [0x000000023dfa4000 - 0x0000000275614000) slide = 0x6374000
 Adding new image at address=0x0000000192fa4000.
 address=0x0000000192fa4000 uuid=65612C42-C5E4-3821-B71D-DDE620FB014C path='/usr/lib/system/libcopyfile.dylib'
 		          __TEXT [0x0000000192fa4000 - 0x0000000192fadff4) slide = 0x6374000
 		    __DATA_CONST [0x00000001da82d600 - 0x00000001da82d9e0) slide = 0x6374000
 		    __AUTH_CONST [0x00000001e2830800 - 0x00000001e2830c60) slide = 0x6374000
 		          __DATA [0x00000001dcab9ce0 - 0x00000001dcab9cf0) slide = 0x6374000
 		      __LINKEDIT [0x000000023dfa4000 - 0x0000000275614000) slide = 0x6374000
 Adding new image at address=0x0000000186526000.
 address=0x0000000186526000 uuid=B3AC12C0-8ED6-35A2-86C6-0BFA55BFF333 path='/usr/lib/system/libcorecrypto.dylib'
 		          __TEXT [0x0000000186526000 - 0x00000001865c2fc8) slide = 0x6374000
 		    __DATA_CONST [0x00000001da77c000 - 0x00000001da77cf10) slide = 0x6374000
 		    __AUTH_CONST [0x00000001e18ff680 - 0x00000001e1901188) slide = 0x6374000
 		          __AUTH [0x00000001ddf34c08 - 0x00000001ddf34cc8) slide = 0x6374000
 		          __DATA [0x00000001dc8f8590 - 0x00000001dc9008f0) slide = 0x6374000
 		    __DATA_DIRTY [0x00000001dda73dc8 - 0x00000001dda73ea0) slide = 0x6374000
 		      __LINKEDIT [0x000000023dfa4000 - 0x0000000275614000) slide = 0x6374000
 Adding new image at address=0x00000001865fa000.
 address=0x00000001865fa000 uuid=8790BA20-19EC-3A36-8975-E34382D9747C path='/usr/lib/system/libdispatch.dylib'
 		          __TEXT [0x00000001865fa000 - 0x0000000186641000) slide = 0x6374000
 		    __DATA_CONST [0x00000001e1901a40 - 0x00000001e1915d70) slide = 0x6374000
 		          __DATA [0x00000001ddf40000 - 0x00000001ddf413a0) slide = 0x6374000
 		    __DATA_DIRTY [0x00000001dda740c0 - 0x00000001dda77ae8) slide = 0x6374000
 		      __LINKEDIT [0x000000023dfa4000 - 0x0000000275614000) slide = 0x6374000
 Adding new image at address=0x00000001867b1000.
 address=0x00000001867b1000 uuid=4BB77515-DBA8-3EDF-9AF7-3C9EAE959EA6 path='/usr/lib/system/libdyld.dylib'
 		          __TEXT [0x00000001867b1000 - 0x00000001867d6000) slide = 0x6374000
 		    __DATA_CONST [0x00000001da781aa8 - 0x00000001da781ee8) slide = 0x6374000
 		    __AUTH_CONST [0x00000001e191c230 - 0x00000001e191ce08) slide = 0x6374000
 		          __AUTH [0x00000001ddf445d0 - 0x00000001ddf44620) slide = 0x6374000
 		          __DATA [0x00000001dc91c048 - 0x00000001dc91c0b8) slide = 0x6374000
 		    __DATA_DIRTY [0x00000001dda85838 - 0x00000001dda85858) slide = 0x6374000
 		  __SHARED_CACHE [0x00000001dc91c0b8 - 0x00000001dc91c0b8) slide = 0x6374000
 		      __LINKEDIT [0x000000023dfa4000 - 0x0000000275614000) slide = 0x6374000
 Adding new image at address=0x0000000192fbd000.
 address=0x0000000192fbd000 uuid=F7CE9486-FFF5-3CB8-B26F-75811EF4283A path='/usr/lib/system/libkeymgr.dylib'
 		          __TEXT [0x0000000192fbd000 - 0x0000000192fbdffc) slide = 0x6374000
 		    __DATA_CONST [0x00000001da82da68 - 0x00000001da82da78) slide = 0x6374000
 		    __AUTH_CONST [0x00000001e2831268 - 0x00000001e28312e8) slide = 0x6374000
 		      __LINKEDIT [0x000000023dfa4000 - 0x0000000275614000) slide = 0x6374000
 Adding new image at address=0x0000000192f5b000.
 address=0x0000000192f5b000 uuid=1A7038EC-EE49-35AE-8A3C-C311083795FB path='/usr/lib/system/libmacho.dylib'
 		          __TEXT [0x0000000192f5b000 - 0x0000000192f62ffc) slide = 0x6374000
 		    __DATA_CONST [0x00000001da82c388 - 0x00000001da82cad0) slide = 0x6374000
 		    __AUTH_CONST [0x00000001e282f3d0 - 0x00000001e282f440) slide = 0x6374000
 		      __LINKEDIT [0x000000023dfa4000 - 0x0000000275614000) slide = 0x6374000
 Adding new image at address=0x00000001924fb000.
 address=0x00000001924fb000 uuid=3011123B-C35C-35FC-AB0B-8D775C9109D1 path='/usr/lib/system/libquarantine.dylib'
 		          __TEXT [0x00000001924fb000 - 0x00000001924fdffc) slide = 0x6374000
 		    __DATA_CONST [0x00000001da8279d8 - 0x00000001da827a28) slide = 0x6374000
 		    __AUTH_CONST [0x00000001e26b8da8 - 0x00000001e26b8eb8) slide = 0x6374000
 		          __DATA [0x00000001dcaa6810 - 0x00000001dcaa6820) slide = 0x6374000
 		      __LINKEDIT [0x000000023dfa4000 - 0x0000000275614000) slide = 0x6374000
 Adding new image at address=0x0000000192fba000.
 address=0x0000000192fba000 uuid=CE63E895-25E4-350C-BB79-0EFD3AC899E5 path='/usr/lib/system/libremovefile.dylib'
 		          __TEXT [0x0000000192fba000 - 0x0000000192fbcffc) slide = 0x6374000
 		    __DATA_CONST [0x00000001da82da58 - 0x00000001da82da68) slide = 0x6374000
 		    __AUTH_CONST [0x00000001e28310e8 - 0x00000001e2831268) slide = 0x6374000
 		      __LINKEDIT [0x000000023dfa4000 - 0x0000000275614000) slide = 0x6374000
 Adding new image at address=0x000000018be6e000.
 address=0x000000018be6e000 uuid=2EA1DA8E-A94D-32EA-A64F-DD586FE72599 path='/usr/lib/system/libsystem_asl.dylib'
 		          __TEXT [0x000000018be6e000 - 0x000000018be86000) slide = 0x6374000
 		    __DATA_CONST [0x00000001da7a58c0 - 0x00000001da7a5ee0) slide = 0x6374000
 		    __AUTH_CONST [0x00000001e200c800 - 0x00000001e200d248) slide = 0x6374000
 		          __DATA [0x00000001dc9e9460 - 0x00000001dc9e9570) slide = 0x6374000
 		    __DATA_DIRTY [0x00000001ddad3d80 - 0x00000001ddad3edc) slide = 0x6374000
 		      __LINKEDIT [0x000000023dfa4000 - 0x0000000275614000) slide = 0x6374000
 Adding new image at address=0x00000001864bf000.
 address=0x00000001864bf000 uuid=A81CDBDB-D1B1-386E-9029-2F6E0F685E3A path='/usr/lib/system/libsystem_blocks.dylib'
 		          __TEXT [0x00000001864bf000 - 0x00000001864c3ff9) slide = 0x6374000
 		    __DATA_CONST [0x00000001e18f7380 - 0x00000001e18f76f0) slide = 0x6374000
 		    __AUTH_CONST [0x00000001e18f76f0 - 0x00000001e18f78c0) slide = 0x6374000
 		          __DATA [0x00000001dc8f75e0 - 0x00000001dc8f75f8) slide = 0x6374000
 		    __DATA_DIRTY [0x00000001dda72c20 - 0x00000001dda72e18) slide = 0x6374000
 		      __LINKEDIT [0x000000023dfa4000 - 0x0000000275614000) slide = 0x6374000
 Adding new image at address=0x0000000186644000.
 address=0x0000000186644000 uuid=1B84A7E4-8958-330C-98B8-27D491DFF69E path='/usr/lib/system/libsystem_c.dylib'
 		          __TEXT [0x0000000186644000 - 0x00000001866c2ff4) slide = 0x6374000
 		    __DATA_CONST [0x00000001da77d140 - 0x00000001da77e9c8) slide = 0x6374000
 		    __AUTH_CONST [0x00000001e1915ef0 - 0x00000001e1916848) slide = 0x6374000
 		          __AUTH [0x00000001ddf413a0 - 0x00000001ddf420c0) slide = 0x6374000
 		          __DATA [0x00000001dc902c30 - 0x00000001dc904db0) slide = 0x6374000
 		    __DATA_DIRTY [0x00000001dda77af8 - 0x00000001dda7a680) slide = 0x6374000
 		      __LINKEDIT [0x000000023dfa4000 - 0x0000000275614000) slide = 0x6374000
 Adding new image at address=0x0000000192fb2000.
 address=0x0000000192fb2000 uuid=FA0C6F96-A737-3F29-B640-99E313873A21 path='/usr/lib/system/libsystem_collections.dylib'
 		          __TEXT [0x0000000192fb2000 - 0x0000000192fb6ffc) slide = 0x6374000
 		    __DATA_CONST [0x00000001da82d9e0 - 0x00000001da82d9e8) slide = 0x6374000
 		    __AUTH_CONST [0x00000001e2830cc0 - 0x00000001e2830e10) slide = 0x6374000
 		      __LINKEDIT [0x000000023dfa4000 - 0x0000000275614000) slide = 0x6374000
 Adding new image at address=0x00000001917dd000.
 address=0x00000001917dd000 uuid=5E85DB71-174E-3E61-A3C9-36D5E0CBBF46 path='/usr/lib/system/libsystem_configuration.dylib'
 		          __TEXT [0x00000001917dd000 - 0x00000001917e2000) slide = 0x6374000
 		    __DATA_CONST [0x00000001da8242c8 - 0x00000001da8244a0) slide = 0x6374000
 		    __AUTH_CONST [0x00000001e263f400 - 0x00000001e263f728) slide = 0x6374000
 		          __DATA [0x00000001dca91520 - 0x00000001dca915e1) slide = 0x6374000
 		      __LINKEDIT [0x000000023dfa4000 - 0x0000000275614000) slide = 0x6374000
 Adding new image at address=0x000000019086d000.
 address=0x000000019086d000 uuid=8E716F51-A02E-3005-9F6F-84163BFAF1AE path='/usr/lib/system/libsystem_containermanager.dylib'
 		          __TEXT [0x000000019086d000 - 0x0000000190896ffc) slide = 0x6374000
 		    __DATA_CONST [0x00000001da7fd358 - 0x00000001da7fdef0) slide = 0x6374000
 		    __AUTH_CONST [0x00000001e24906a0 - 0x00000001e2491f68) slide = 0x6374000
 		          __AUTH [0x00000001de093d28 - 0x00000001de093e90) slide = 0x6374000
 		          __DATA [0x00000001dca66b10 - 0x00000001dca66e88) slide = 0x6374000
 		      __LINKEDIT [0x000000023dfa4000 - 0x0000000275614000) slide = 0x6374000
 Adding new image at address=0x0000000192c00000.
 address=0x0000000192c00000 uuid=0ECFD7D1-0230-3C32-BDD7-4715D94A28E6 path='/usr/lib/system/libsystem_coreservices.dylib'
 		          __TEXT [0x0000000192c00000 - 0x0000000192c05ffc) slide = 0x6374000
 		    __DATA_CONST [0x00000001da82a1c8 - 0x00000001da82aa68) slide = 0x6374000
 		    __AUTH_CONST [0x00000001e27df000 - 0x00000001e27df2e8) slide = 0x6374000
 		          __DATA [0x00000001dcaaf960 - 0x00000001dcaafa08) slide = 0x6374000
 		      __LINKEDIT [0x000000023dfa4000 - 0x0000000275614000) slide = 0x6374000
 Adding new image at address=0x0000000189b4d000.
 address=0x0000000189b4d000 uuid=67509907-7BCE-3723-A305-0B042A41FDA5 path='/usr/lib/system/libsystem_darwin.dylib'
 		          __TEXT [0x0000000189b4d000 - 0x0000000189b57ff8) slide = 0x6374000
 		    __DATA_CONST [0x00000001da795958 - 0x00000001da7982d8) slide = 0x6374000
 		    __AUTH_CONST [0x00000001e1e81260 - 0x00000001e1e816a8) slide = 0x6374000
 		          __DATA [0x00000001dc9c2f50 - 0x00000001dc9c2f60) slide = 0x6374000
 		    __DATA_DIRTY [0x00000001dda9c098 - 0x00000001dda9c0c8) slide = 0x6374000
 		      __LINKEDIT [0x000000023dfa4000 - 0x0000000275614000) slide = 0x6374000
 Adding new image at address=0x0000000225b6b000.
 address=0x0000000225b6b000 uuid=F1E52C1A-7156-3BED-AD5B-1CE3AFFDFCE3 path='/usr/lib/system/libsystem_darwindirectory.dylib'
 		          __TEXT [0x0000000225b6b000 - 0x0000000225b6f000) slide = 0x6374000
 		    __DATA_CONST [0x00000002323fce28 - 0x00000002323fcfb0) slide = 0x6374000
 		    __AUTH_CONST [0x000000023b9bda50 - 0x000000023b9bdd90) slide = 0x6374000
 		          __DATA [0x0000000235701378 - 0x00000002357013b8) slide = 0x6374000
 		      __LINKEDIT [0x000000023dfa4000 - 0x0000000275614000) slide = 0x6374000
 Adding new image at address=0x0000000192fbe000.
 address=0x0000000192fbe000 uuid=82426BAB-A0A9-3C99-8A86-DABB3A0BA072 path='/usr/lib/system/libsystem_dnssd.dylib'
 		          __TEXT [0x0000000192fbe000 - 0x0000000192fc7000) slide = 0x6374000
 		    __DATA_CONST [0x00000001da82da78 - 0x00000001da82daf0) slide = 0x6374000
 		    __AUTH_CONST [0x00000001e28312e8 - 0x00000001e28314d0) slide = 0x6374000
 		          __DATA [0x00000001dcabad30 - 0x00000001dcabad60) slide = 0x6374000
 		      __LINKEDIT [0x000000023dfa4000 - 0x0000000275614000) slide = 0x6374000
 Adding new image at address=0x0000000186641000.
 address=0x0000000186641000 uuid=0C18273A-0DB8-3522-853B-67A2187EEF07 path='/usr/lib/system/libsystem_featureflags.dylib'
 		          __TEXT [0x0000000186641000 - 0x0000000186644000) slide = 0x6374000
 		    __DATA_CONST [0x00000001da77d100 - 0x00000001da77d140) slide = 0x6374000
 		    __AUTH_CONST [0x00000001e1915d70 - 0x00000001e1915ef0) slide = 0x6374000
 		          __DATA [0x00000001dc902be8 - 0x00000001dc902c21) slide = 0x6374000
 		    __DATA_DIRTY [0x00000001dda77ae8 - 0x00000001dda77af8) slide = 0x6374000
 		      __LINKEDIT [0x000000023dfa4000 - 0x0000000275614000) slide = 0x6374000
 Adding new image at address=0x00000001867dd000.
 address=0x00000001867dd000 uuid=8F2A7530-B8D3-3705-B2B7-9347D9495223 path='/usr/lib/system/libsystem_info.dylib'
 		          __TEXT [0x00000001867dd000 - 0x0000000186809ffc) slide = 0x6374000
 		    __DATA_CONST [0x00000001da781f08 - 0x00000001da782468) slide = 0x6374000
 		    __AUTH_CONST [0x00000001e191d018 - 0x00000001e191e1b0) slide = 0x6374000
 		          __AUTH [0x00000001ddf44620 - 0x00000001ddf447f0) slide = 0x6374000
 		          __DATA [0x00000001dc91c0f8 - 0x00000001dc91cc88) slide = 0x6374000
 		    __DATA_DIRTY [0x00000001dda85870 - 0x00000001dda85b18) slide = 0x6374000
 		      __LINKEDIT [0x000000023dfa4000 - 0x0000000275614000) slide = 0x6374000
 Adding new image at address=0x0000000192f20000.
 address=0x0000000192f20000 uuid=72899DE6-A120-389C-90DC-B94C392EF655 path='/usr/lib/system/libsystem_m.dylib'
 		          __TEXT [0x0000000192f20000 - 0x0000000192f56ff4) slide = 0x6374000
 		    __AUTH_CONST [0x00000001e282f3a0 - 0x00000001e282f3c0) slide = 0x6374000
 		          __DATA [0x00000001dcab8224 - 0x00000001dcab8228) slide = 0x6374000
 		      __LINKEDIT [0x000000023dfa4000 - 0x0000000275614000) slide = 0x6374000
 Adding new image at address=0x00000001865c3000.
 address=0x00000001865c3000 uuid=00379936-C90E-3D9D-A569-3F97338F1472 path='/usr/lib/system/libsystem_malloc.dylib'
 		          __TEXT [0x00000001865c3000 - 0x00000001865fa000) slide = 0x6374000
 		    __DATA_CONST [0x00000001da77cf10 - 0x00000001da77d100) slide = 0x6374000
 		    __AUTH_CONST [0x00000001e1901188 - 0x00000001e1901a38) slide = 0x6374000
 		          __AUTH [0x00000001ddf38000 - 0x00000001ddf40000) slide = 0x6374000
 		          __DATA [0x00000001dc9008f0 - 0x00000001dc902be4) slide = 0x6374000
 		    __DATA_DIRTY [0x00000001dda73ea0 - 0x00000001dda740b0) slide = 0x6374000
 		      __LINKEDIT [0x000000023dfa4000 - 0x0000000275614000) slide = 0x6374000
 Adding new image at address=0x000000018bdde000.
 address=0x000000018bdde000 uuid=9DBF57DB-0008-3584-89A3-1463AB9E4967 path='/usr/lib/system/libsystem_networkextension.dylib'
 		          __TEXT [0x000000018bdde000 - 0x000000018bdf7ff8) slide = 0x6374000
 		    __DATA_CONST [0x00000001da7a5218 - 0x00000001da7a5898) slide = 0x6374000
 		    __AUTH_CONST [0x00000001e1f9dcb8 - 0x00000001e1f9e8d8) slide = 0x6374000
 		          __DATA [0x00000001dc9e86a8 - 0x00000001dc9e8d78) slide = 0x6374000
 		    __DATA_DIRTY [0x00000001ddad2560 - 0x00000001ddad25a0) slide = 0x6374000
 		      __LINKEDIT [0x000000023dfa4000 - 0x0000000275614000) slide = 0x6374000
 Adding new image at address=0x0000000189fbf000.
 address=0x0000000189fbf000 uuid=7DA7113E-E87A-3E78-AD4F-77F6EC076E42 path='/usr/lib/system/libsystem_notify.dylib'
 		          __TEXT [0x0000000189fbf000 - 0x0000000189fd0000) slide = 0x6374000
 		    __DATA_CONST [0x00000001da798ff0 - 0x00000001da799148) slide = 0x6374000
 		    __AUTH_CONST [0x00000001e1ea8ac0 - 0x00000001e1ea8e40) slide = 0x6374000
 		          __DATA [0x00000001dc9cbf80 - 0x00000001dc9cbfd1) slide = 0x6374000
 		    __DATA_DIRTY [0x00000001dda9f1b8 - 0x00000001dda9f1c0) slide = 0x6374000
 		      __LINKEDIT [0x000000023dfa4000 - 0x0000000275614000) slide = 0x6374000
 Adding new image at address=0x00000001917e2000.
 address=0x00000001917e2000 uuid=3BC895C5-B10E-39F4-B761-E79D5719FB1D path='/usr/lib/system/libsystem_sandbox.dylib'
 		          __TEXT [0x00000001917e2000 - 0x00000001917e7ff4) slide = 0x6374000
 		    __DATA_CONST [0x00000001da8244a0 - 0x00000001da824520) slide = 0x6374000
 		    __AUTH_CONST [0x00000001e263f728 - 0x00000001e263f930) slide = 0x6374000
 		          __DATA [0x00000001dca915e8 - 0x00000001dca91610) slide = 0x6374000
 		      __LINKEDIT [0x000000023dfa4000 - 0x0000000275614000) slide = 0x6374000
 Adding new image at address=0x0000000192fb7000.
 address=0x0000000192fb7000 uuid=1C92CD80-54E6-3E70-BB3C-7264A160AD7C path='/usr/lib/system/libsystem_secinit.dylib'
 		          __TEXT [0x0000000192fb7000 - 0x0000000192fb9ffc) slide = 0x6374000
 		    __DATA_CONST [0x00000001da82d9e8 - 0x00000001da82da58) slide = 0x6374000
 		    __AUTH_CONST [0x00000001e2830e10 - 0x00000001e28310e8) slide = 0x6374000
 		          __DATA [0x00000001dcabacf0 - 0x00000001dcabad30) slide = 0x6374000
 		      __LINKEDIT [0x000000023dfa4000 - 0x0000000275614000) slide = 0x6374000
 Adding new image at address=0x0000000186769000.
 address=0x0000000186769000 uuid=A7D3C07D-0A1E-3C4C-8FBA-66905E16BF99 path='/usr/lib/system/libsystem_kernel.dylib'
 		          __TEXT [0x0000000186769000 - 0x00000001867a3ff0) slide = 0x6374000
 		    __DATA_CONST [0x00000001da77f790 - 0x00000001da781a70) slide = 0x6374000
 		    __AUTH_CONST [0x00000001e191bee0 - 0x00000001e191c000) slide = 0x6374000
 		          __DATA [0x00000001dc90be18 - 0x00000001dc90c090) slide = 0x6374000
 		    __DATA_DIRTY [0x00000001dda7b988 - 0x00000001dda7c05c) slide = 0x6374000
 		      __LINKEDIT [0x000000023dfa4000 - 0x0000000275614000) slide = 0x6374000
 Adding new image at address=0x00000001867d6000.
 address=0x00000001867d6000 uuid=E7E2F10A-772A-397F-BD19-A7EA5A54E49F path='/usr/lib/system/libsystem_platform.dylib'
 		          __TEXT [0x00000001867d6000 - 0x00000001867dcffc) slide = 0x6374000
 		    __DATA_CONST [0x00000001da781ee8 - 0x00000001da781f08) slide = 0x6374000
 		    __AUTH_CONST [0x00000001e191ce08 - 0x00000001e191d018) slide = 0x6374000
 		          __DATA [0x00000001dc91c0b8 - 0x00000001dc91c0f8) slide = 0x6374000
 		    __DATA_DIRTY [0x00000001dda85858 - 0x00000001dda8586c) slide = 0x6374000
 		      __LINKEDIT [0x000000023dfa4000 - 0x0000000275614000) slide = 0x6374000
 Adding new image at address=0x00000001867a4000.
 address=0x00000001867a4000 uuid=E4DEBB6E-421D-33D0-9E17-77AE0E0FE4DC path='/usr/lib/system/libsystem_pthread.dylib'
 		          __TEXT [0x00000001867a4000 - 0x00000001867b0ff4) slide = 0x6374000
 		    __DATA_CONST [0x00000001da781a70 - 0x00000001da781aa8) slide = 0x6374000
 		    __AUTH_CONST [0x00000001e191c000 - 0x00000001e191c230) slide = 0x6374000
 		          __DATA [0x00000001dc910000 - 0x00000001dc91c046) slide = 0x6374000
 		    __DATA_DIRTY [0x00000001dda80000 - 0x00000001dda85838) slide = 0x6374000
 		      __LINKEDIT [0x000000023dfa4000 - 0x0000000275614000) slide = 0x6374000
 Adding new image at address=0x000000018d821000.
 address=0x000000018d821000 uuid=2D7D536C-1D08-304A-9E67-BFB1E99301FE path='/usr/lib/system/libsystem_symptoms.dylib'
 		          __TEXT [0x000000018d821000 - 0x000000018d829ff4) slide = 0x6374000
 		    __DATA_CONST [0x00000001da7abff0 - 0x00000001da7ac1a0) slide = 0x6374000
 		    __AUTH_CONST [0x00000001e20e3f78 - 0x00000001e20e4240) slide = 0x6374000
 		          __DATA [0x00000001dca17698 - 0x00000001dca176d8) slide = 0x6374000
 		    __DATA_DIRTY [0x00000001ddade5d8 - 0x00000001ddade5e8) slide = 0x6374000
 		      __LINKEDIT [0x000000023dfa4000 - 0x0000000275614000) slide = 0x6374000
 Adding new image at address=0x000000018650b000.
 address=0x000000018650b000 uuid=4AF0EA7D-E9F4-30E7-914D-FB292EDB7F37 path='/usr/lib/system/libsystem_trace.dylib'
 		          __TEXT [0x000000018650b000 - 0x0000000186526000) slide = 0x6374000
 		    __DATA_CONST [0x00000001e18fdef8 - 0x00000001e18fe808) slide = 0x6374000
 		    __AUTH_CONST [0x00000001e18fe808 - 0x00000001e18ff680) slide = 0x6374000
 		          __AUTH [0x00000001ddf34a50 - 0x00000001ddf34c08) slide = 0x6374000
 		          __DATA [0x00000001dc8f8368 - 0x00000001dc8f8590) slide = 0x6374000
 		    __DATA_DIRTY [0x00000001dda73958 - 0x00000001dda73dc8) slide = 0x6374000
 		      __LINKEDIT [0x000000023dfa4000 - 0x0000000275614000) slide = 0x6374000
 Adding new image at address=0x0000000192f91000.
 address=0x0000000192f91000 uuid=FB2051CF-36B6-348F-B8DF-5B2F702F6290 path='/usr/lib/system/libunwind.dylib'
 		          __TEXT [0x0000000192f91000 - 0x0000000192f9c000) slide = 0x6374000
 		    __DATA_CONST [0x00000001da82d2a8 - 0x00000001da82d5c8) slide = 0x6374000
 		    __AUTH_CONST [0x00000001e2830388 - 0x00000001e2830498) slide = 0x6374000
 		          __DATA [0x00000001dcab82b0 - 0x00000001dcab8cb1) slide = 0x6374000
 		      __LINKEDIT [0x000000023dfa4000 - 0x0000000275614000) slide = 0x6374000
 Adding new image at address=0x00000001864c4000.
 address=0x00000001864c4000 uuid=84971772-939B-3130-8908-B7A38851A516 path='/usr/lib/system/libxpc.dylib'
 		          __TEXT [0x00000001864c4000 - 0x000000018650b000) slide = 0x6374000
 		    __DATA_CONST [0x00000001e18f78c0 - 0x00000001e18fdef8) slide = 0x6374000
 		          __DATA [0x00000001dc8f75f8 - 0x00000001dc8f8368) slide = 0x6374000
 		    __DATA_DIRTY [0x00000001dda72e18 - 0x00000001dda73958) slide = 0x6374000
 		      __LINKEDIT [0x000000023dfa4000 - 0x0000000275614000) slide = 0x6374000
 Adding new image at address=0x0000000186751000.
 address=0x0000000186751000 uuid=43940F08-B65E-3888-8CD3-C52398EB1CA1 path='/usr/lib/libc++abi.dylib'
 		          __TEXT [0x0000000186751000 - 0x0000000186769000) slide = 0x6374000
 		    __DATA_CONST [0x00000001da77f338 - 0x00000001da77f790) slide = 0x6374000
 		    __AUTH_CONST [0x00000001e1918b80 - 0x00000001e191bee0) slide = 0x6374000
 		          __AUTH [0x00000001ddf44578 - 0x00000001ddf445d0) slide = 0x6374000
 		          __DATA [0x00000001dc90bac0 - 0x00000001dc90be18) slide = 0x6374000
 		    __DATA_DIRTY [0x00000001dda7b960 - 0x00000001dda7b988) slide = 0x6374000
 		      __LINKEDIT [0x000000023dfa4000 - 0x0000000275614000) slide = 0x6374000
 Adding new image at address=0x00000001863dc000.
 address=0x00000001863dc000 uuid=1C0364B5-D7E3-3170-BAA6-9C28F400E7CC path='/usr/lib/libobjc.A.dylib'
 		          __TEXT [0x00000001863dc000 - 0x000000018642af09) slide = 0x6374000
 		    __DATA_CONST [0x00000001e18f0000 - 0x00000001e18f0fb8) slide = 0x6374000
 		    __AUTH_CONST [0x00000001e18f0fc0 - 0x00000001e18f1bd0) slide = 0x6374000
 		          __AUTH [0x00000001ddf31e08 - 0x00000001ddf31e80) slide = 0x6374000
 		          __DATA [0x00000001dc8f4000 - 0x00000001dc8f75e0) slide = 0x6374000
 		    __DATA_DIRTY [0x00000001dda6e280 - 0x00000001dda71090) slide = 0x6374000
 		       __OBJC_RO [0x00000001d60e3360 - 0x00000001da77bff8) slide = 0x6374000
 		       __OBJC_RW [0x00000001dd854000 - 0x00000001dda6e260) slide = 0x6374000
 		      __LINKEDIT [0x000000023dfa4000 - 0x0000000275614000) slide = 0x6374000
 Adding new image at address=0x0000000192f9c000.
 address=0x0000000192f9c000 uuid=5A83FBC3-0944-3D77-8DF2-03E262F67AFA path='/usr/lib/liboah.dylib'
 		          __TEXT [0x0000000192f9c000 - 0x0000000192fa4000) slide = 0x6374000
 		    __DATA_CONST [0x00000001da82d5c8 - 0x00000001da82d600) slide = 0x6374000
 		    __AUTH_CONST [0x00000001e2830498 - 0x00000001e2830800) slide = 0x6374000
 		          __DATA [0x00000001dcab8cb8 - 0x00000001dcab9ce0) slide = 0x6374000
 		      __LINKEDIT [0x000000023dfa4000 - 0x0000000275614000) slide = 0x6374000
 Adding new image at address=0x00000001866c3000.
 address=0x00000001866c3000 uuid=93FBD681-FC78-33A3-AFFE-568702676142 path='/usr/lib/libc++.1.dylib'
 		          __TEXT [0x00000001866c3000 - 0x0000000186750ff8) slide = 0x6374000
 		    __DATA_CONST [0x00000001da77e9c8 - 0x00000001da77f338) slide = 0x6374000
 		    __AUTH_CONST [0x00000001e1916848 - 0x00000001e1918b80) slide = 0x6374000
 		          __AUTH [0x00000001ddf420c0 - 0x00000001ddf44578) slide = 0x6374000
 		          __DATA [0x00000001dc905000 - 0x00000001dc90bac0) slide = 0x6374000
 		    __DATA_DIRTY [0x00000001dda7a680 - 0x00000001dda7b960) slide = 0x6374000
 		      __LINKEDIT [0x000000023dfa4000 - 0x0000000275614000) slide = 0x6374000
 DynamicLoaderDarwin::ModulesDidLoad[0] F0A54B2D-8751-35F1-A3CF-F1A02F842211 (arm64e) "/usr/lib/libSystem.B.dylib"
 DynamicLoaderDarwin::ModulesDidLoad[1] C683623C-1FF6-3133-9E28-28672FDBA4D3 (arm64e) "/usr/lib/system/libcache.dylib"
 DynamicLoaderDarwin::ModulesDidLoad[2] BFDF8F55-D3DC-3A92-B8A1-8EF165A56F1B (arm64e) "/usr/lib/system/libcommonCrypto.dylib"
 DynamicLoaderDarwin::ModulesDidLoad[3] B29A99B2-7ADE-3371-A774-B690BEC3C406 (arm64e) "/usr/lib/system/libcompiler_rt.dylib"
 DynamicLoaderDarwin::ModulesDidLoad[4] 65612C42-C5E4-3821-B71D-DDE620FB014C (arm64e) "/usr/lib/system/libcopyfile.dylib"
 DynamicLoaderDarwin::ModulesDidLoad[5] B3AC12C0-8ED6-35A2-86C6-0BFA55BFF333 (arm64e) "/usr/lib/system/libcorecrypto.dylib"
 DynamicLoaderDarwin::ModulesDidLoad[6] 8790BA20-19EC-3A36-8975-E34382D9747C (arm64e) "/usr/lib/system/libdispatch.dylib"
 DynamicLoaderDarwin::ModulesDidLoad[7] 4BB77515-DBA8-3EDF-9AF7-3C9EAE959EA6 (arm64e) "/usr/lib/system/libdyld.dylib"
 DynamicLoaderDarwin::ModulesDidLoad[8] F7CE9486-FFF5-3CB8-B26F-75811EF4283A (arm64e) "/usr/lib/system/libkeymgr.dylib"
 DynamicLoaderDarwin::ModulesDidLoad[9] 1A7038EC-EE49-35AE-8A3C-C311083795FB (arm64e) "/usr/lib/system/libmacho.dylib"
 DynamicLoaderDarwin::ModulesDidLoad[10] 3011123B-C35C-35FC-AB0B-8D775C9109D1 (arm64e) "/usr/lib/system/libquarantine.dylib"
 DynamicLoaderDarwin::ModulesDidLoad[11] CE63E895-25E4-350C-BB79-0EFD3AC899E5 (arm64e) "/usr/lib/system/libremovefile.dylib"
 DynamicLoaderDarwin::ModulesDidLoad[12] 2EA1DA8E-A94D-32EA-A64F-DD586FE72599 (arm64e) "/usr/lib/system/libsystem_asl.dylib"
 DynamicLoaderDarwin::ModulesDidLoad[13] A81CDBDB-D1B1-386E-9029-2F6E0F685E3A (arm64e) "/usr/lib/system/libsystem_blocks.dylib"
 DynamicLoaderDarwin::ModulesDidLoad[14] 1B84A7E4-8958-330C-98B8-27D491DFF69E (arm64e) "/usr/lib/system/libsystem_c.dylib"
 DynamicLoaderDarwin::ModulesDidLoad[15] FA0C6F96-A737-3F29-B640-99E313873A21 (arm64e) "/usr/lib/system/libsystem_collections.dylib"
 DynamicLoaderDarwin::ModulesDidLoad[16] 5E85DB71-174E-3E61-A3C9-36D5E0CBBF46 (arm64e) "/usr/lib/system/libsystem_configuration.dylib"
 DynamicLoaderDarwin::ModulesDidLoad[17] 8E716F51-A02E-3005-9F6F-84163BFAF1AE (arm64e) "/usr/lib/system/libsystem_containermanager.dylib"
 DynamicLoaderDarwin::ModulesDidLoad[18] 0ECFD7D1-0230-3C32-BDD7-4715D94A28E6 (arm64e) "/usr/lib/system/libsystem_coreservices.dylib"
 DynamicLoaderDarwin::ModulesDidLoad[19] 67509907-7BCE-3723-A305-0B042A41FDA5 (arm64e) "/usr/lib/system/libsystem_darwin.dylib"
 DynamicLoaderDarwin::ModulesDidLoad[20] F1E52C1A-7156-3BED-AD5B-1CE3AFFDFCE3 (arm64e) "/usr/lib/system/libsystem_darwindirectory.dylib"
 DynamicLoaderDarwin::ModulesDidLoad[21] 82426BAB-A0A9-3C99-8A86-DABB3A0BA072 (arm64e) "/usr/lib/system/libsystem_dnssd.dylib"
 DynamicLoaderDarwin::ModulesDidLoad[22] 0C18273A-0DB8-3522-853B-67A2187EEF07 (arm64e) "/usr/lib/system/libsystem_featureflags.dylib"
 DynamicLoaderDarwin::ModulesDidLoad[23] 8F2A7530-B8D3-3705-B2B7-9347D9495223 (arm64e) "/usr/lib/system/libsystem_info.dylib"
 DynamicLoaderDarwin::ModulesDidLoad[24] 72899DE6-A120-389C-90DC-B94C392EF655 (arm64e) "/usr/lib/system/libsystem_m.dylib"
 DynamicLoaderDarwin::ModulesDidLoad[25] 00379936-C90E-3D9D-A569-3F97338F1472 (arm64e) "/usr/lib/system/libsystem_malloc.dylib"
 DynamicLoaderDarwin::ModulesDidLoad[26] 9DBF57DB-0008-3584-89A3-1463AB9E4967 (arm64e) "/usr/lib/system/libsystem_networkextension.dylib"
 DynamicLoaderDarwin::ModulesDidLoad[27] 7DA7113E-E87A-3E78-AD4F-77F6EC076E42 (arm64e) "/usr/lib/system/libsystem_notify.dylib"
 DynamicLoaderDarwin::ModulesDidLoad[28] 3BC895C5-B10E-39F4-B761-E79D5719FB1D (arm64e) "/usr/lib/system/libsystem_sandbox.dylib"
 DynamicLoaderDarwin::ModulesDidLoad[29] 1C92CD80-54E6-3E70-BB3C-7264A160AD7C (arm64e) "/usr/lib/system/libsystem_secinit.dylib"
 DynamicLoaderDarwin::ModulesDidLoad[30] A7D3C07D-0A1E-3C4C-8FBA-66905E16BF99 (arm64e) "/usr/lib/system/libsystem_kernel.dylib"
 DynamicLoaderDarwin::ModulesDidLoad[31] E7E2F10A-772A-397F-BD19-A7EA5A54E49F (arm64e) "/usr/lib/system/libsystem_platform.dylib"
 DynamicLoaderDarwin::ModulesDidLoad[32] E4DEBB6E-421D-33D0-9E17-77AE0E0FE4DC (arm64e) "/usr/lib/system/libsystem_pthread.dylib"
 DynamicLoaderDarwin::ModulesDidLoad[33] 2D7D536C-1D08-304A-9E67-BFB1E99301FE (arm64e) "/usr/lib/system/libsystem_symptoms.dylib"
 DynamicLoaderDarwin::ModulesDidLoad[34] 4AF0EA7D-E9F4-30E7-914D-FB292EDB7F37 (arm64e) "/usr/lib/system/libsystem_trace.dylib"
 DynamicLoaderDarwin::ModulesDidLoad[35] FB2051CF-36B6-348F-B8DF-5B2F702F6290 (arm64e) "/usr/lib/system/libunwind.dylib"
 DynamicLoaderDarwin::ModulesDidLoad[36] 84971772-939B-3130-8908-B7A38851A516 (arm64e) "/usr/lib/system/libxpc.dylib"
 DynamicLoaderDarwin::ModulesDidLoad[37] 43940F08-B65E-3888-8CD3-C52398EB1CA1 (arm64e) "/usr/lib/libc++abi.dylib"
 DynamicLoaderDarwin::ModulesDidLoad[38] 1C0364B5-D7E3-3170-BAA6-9C28F400E7CC (arm64e) "/usr/lib/libobjc.A.dylib"
 DynamicLoaderDarwin::ModulesDidLoad[39] 5A83FBC3-0944-3D77-8DF2-03E262F67AFA (arm64e) "/usr/lib/liboah.dylib"
 DynamicLoaderDarwin::ModulesDidLoad[40] 93FBD681-FC78-33A3-AFFE-568702676142 (arm64e) "/usr/lib/libc++.1.dylib"
 Breakpoint::ModulesChanged: num_modules: 41 load: 1 delete_locations: 0

 Breakpoint::ModulesChanged: num_modules: 41 load: 1 delete_locations: 0

 Hit breakpoint location: -3.1: 
  module = /usr/lib/dyld
  symbol = _dyld_debugger_notification
  address = 0x000000018642ce20
  resolved = true
  hardware = false
  hit count = 2   
, continuing.

 StopInfo::ShouldStop async callback says we should not stop, returning ShouldStop of false.
 ThreadList::ShouldStop overall should_stop = 0
 ThreadList::ShouldReportStop 1 threads
 Thread::ShouldReportStop() tid = 0x384e: returning vote 0 for current plan
 Returning no opinion
 Process::ShouldBroadcastEvent: should_resume: 1 state: stopped was_restarted: 0 report_stop_vote: 0.
 Process::ShouldBroadcastEvent (0x11ddae8e0) Restarting process from state: stopped
 Process::PrivateResume() m_stop_id = 6, public state: running private state: stopped
 Thread::PushPlan(0x0x11dd79958): "Single stepping past breakpoint site 5 at 0x18642ce20", tid = 0x384e.
 WillResume Thread #1 (0x0x11dd79958): tid = 0x384e, pc = 0x18642ce20, sp = 0x16fdfd8d0, fp = 0x16fdfdac0, plan = 'Step over breakpoint trap', state = stepping, stop others = 1
 GDBRemoteCommunicationClient::SendGDBStoppointTypePacket() remove at addr = 0x18642ce20
 (plugin = gdb-remote, state = running)
 Process thinks the process has resumed.
 Process::ShouldBroadcastEvent (0x11ddae8e0) => new state: stopped, last broadcast state: running - NO
 Process::HandlePrivateEvent (pid = 1431) suppressing state stopped (old state running): should_broadcast == false
 timeout = <infinite>, event_sp)...
 Process::ShouldBroadcastEvent (0x11def1be0) => new state: running, last broadcast state: running - NO
 Process::HandlePrivateEvent (pid = 1431) suppressing state running (old state running): should_broadcast == false
 timeout = <infinite>, event_sp)...
 (plugin = gdb-remote, state = stopped)
 (plugin = gdb-remote, state = stopped, stop_id = 7
 0x11dd79958: tid = 0x384e: stop info = <NULL> (stop_id = 7)
 0x11dd79958: tid = 0x384e: stop info = trace (stop_id = 7)
 
 ThreadList::ShouldStop: 1 threads, 1 unsuspended threads
 Thread::ShouldStop(0x11dd79958) for tid = 0x384e 0x384e, pc = 0x0000000186475ac8
 ^^^^^^^^ Thread::ShouldStop Begin ^^^^^^^^
 Plan stack initial state:
  thread #1: tid = 0x384e:
    Active plan stack:
      Element 0: Base thread plan.
      Element 1: Single stepping past breakpoint site 5 at 0x18642ce20

 Step over breakpoint stopped for reason: trace.
 Plan Step over breakpoint trap should stop: 0.
 Completed step over breakpoint plan.
 GDBRemoteCommunicationClient::SendGDBStoppointTypePacket() add at addr = 0x18642ce20
 Plan Step over breakpoint trap auto-continue: true.
 Popping plan: "Step over breakpoint trap", tid = 0x384e.
 Plan stack final state:
  thread #1: tid = 0x384e:
    Active plan stack:
      Element 0: Base thread plan.
    Completed plan stack:
      Element 0: Single stepping past breakpoint site 5 at 0x18642ce20

 vvvvvvvv Thread::ShouldStop End (returning 0) vvvvvvvv
 ThreadList::ShouldStop overall should_stop = 0
 ThreadList::ShouldReportStop 1 threads
 Thread::ShouldReportStop() tid = 0x384e: returning vote for complete stack's back plan
 Returning vote: no
 Returning no
 Process::ShouldBroadcastEvent: should_resume: 1 state: stopped was_restarted: 0 report_stop_vote: -1.
 Process::ShouldBroadcastEvent (0x11dd78d90) Restarting process from state: stopped
 Process::PrivateResume() m_stop_id = 7, public state: running private state: stopped
 WillResume Thread #1 (0x0x11dd79958): tid = 0x384e, pc = 0x186475ac8, sp = 0x16fdfd8d0, fp = 0x16fdfdac0, plan = 'base plan', state = running, stop others = 0
 (plugin = gdb-remote, state = running)
 Process thinks the process has resumed.
 Process::ShouldBroadcastEvent (0x11dd78d90) => new state: stopped, last broadcast state: running - NO
 Process::HandlePrivateEvent (pid = 1431) suppressing state stopped (old state running): should_broadcast == false
 timeout = <infinite>, event_sp)...
 Process::ShouldBroadcastEvent (0x11ddbdb60) => new state: running, last broadcast state: running - NO
 Process::HandlePrivateEvent (pid = 1431) suppressing state running (old state running): should_broadcast == false
 timeout = <infinite>, event_sp)...
 (plugin = gdb-remote, state = stopped)
 (plugin = gdb-remote, state = stopped, stop_id = 8
 0x11dd79958: tid = 0x384e: stop info = <NULL> (stop_id = 8)
 0x11dd79958: tid = 0x384e: stop info = breakpoint 1.1 (stop_id = 8)
 
 ThreadList::ShouldStop: 1 threads, 1 unsuspended threads
 Thread::ShouldStop(0x11dd79958) for tid = 0x384e 0x384e, pc = 0x0000000100003e9c
 ^^^^^^^^ Thread::ShouldStop Begin ^^^^^^^^
 Plan stack initial state:
  thread #1: tid = 0x384e:
    Active plan stack:
      Element 0: Base thread plan.

 Hit breakpoint location: 1.1: 
  module = /Users/shafinazahsan/github-classroom/FPC-advanced/fpc-advanced-classroom-1st-year-assignment-ShafinazAhsan/set03/problem02
  compile unit = problem02.c
  function = main
  location = /Users/shafinazahsan/github-classroom/FPC-advanced/fpc-advanced-classroom-1st-year-assignment-ShafinazAhsan/set03/problem02.c:35:5
  address = 0x0000000100003e9c
  resolved = true
  hardware = false
  hit count = 1   
, stopping.

 Base plan discarding thread plans for thread tid = 0x384e (breakpoint hit.)
 Discarding thread plans for thread (tid = 0x384e, force 0)
 Base plan says should stop: 1.
 Plan stack final state:
  thread #1: tid = 0x384e:
    Active plan stack:
      Element 0: Base thread plan.

 vvvvvvvv Thread::ShouldStop End (returning 1) vvvvvvvv
 ThreadList::ShouldStop overall should_stop = 1
 Process::ShouldBroadcastEvent (0x11de8c240) => new state: stopped, last broadcast state: stopped - YES
 Process::HandlePrivateEvent (pid = 1431) broadcasting new state stopped (old state stopped) to public
 timeout = <infinite>, event_sp)...
 (plugin = gdb-remote, state = stopped, restarted = 0)
 (plugin = gdb-remote, state = stopped) -- unlocking run lock
 Process::PerformAction returning from action with m_should_stop: 1.
 Frame #0 not recognized
 Processing command: c
 HandleCommand, cmd_obj : 'process continue'
 HandleCommand, (revised) command_string: 'process continue'
 HandleCommand, wants_raw_input:'False'
 HandleCommand, command line after removing command name(s): ''
 (plugin = gdb-remote) -- locking run lock
 Process::PrivateResume() m_stop_id = 8, public state: stopped private state: stopped
 Thread::PushPlan(0x0x11dd79958): "Single stepping past breakpoint site 4 at 0x100003e9c", tid = 0x384e.
 WillResume Thread #1 (0x0x11dd79958): tid = 0x384e, pc = 0x100003e9c, sp = 0x16fdfed40, fp = 0x16fdfed70, plan = 'Step over breakpoint trap', state = stepping, stop others = 1
 GDBRemoteCommunicationClient::SendGDBStoppointTypePacket() remove at addr = 0x100003e9c
 (plugin = gdb-remote, state = running)
 Current Plan for thread 1(0x11dd79958) (0x384e, stepping): Step over breakpoint trap being asked whether we should report run.
 Process::ShouldBroadcastEvent (0x105004760) => new state: running, last broadcast state: running - YES
 Process thinks the process has resumed.
 Process::HandlePrivateEvent (pid = 1431) broadcasting new state running (old state running) to public
 Process::PushProcessIOHandler pushing IO handler
 Process::HandlePrivateEvent updated m_iohandler_sync to 2
 waited from m_iohandler_sync to change from 1. New value is 2.
 (plugin = gdb-remote, state = running, restarted = 0)
 timeout = <infinite>, event_sp)...
 HandleCommand, command succeeded
 (plugin = gdb-remote, state = stopped)
 (plugin = gdb-remote, state = stopped, stop_id = 9
 0x11dd79958: tid = 0x384e: stop info = <NULL> (stop_id = 9)
 0x11dd79958: tid = 0x384e: stop info = trace (stop_id = 9)
 
 ThreadList::ShouldStop: 1 threads, 1 unsuspended threads
 Thread::ShouldStop(0x11dd79958) for tid = 0x384e 0x384e, pc = 0x0000000100003ba0
 ^^^^^^^^ Thread::ShouldStop Begin ^^^^^^^^
 Plan stack initial state:
  thread #1: tid = 0x384e:
    Active plan stack:
      Element 0: Base thread plan.
      Element 1: Single stepping past breakpoint site 4 at 0x100003e9c

 Step over breakpoint stopped for reason: trace.
 Plan Step over breakpoint trap should stop: 0.
 Completed step over breakpoint plan.
 GDBRemoteCommunicationClient::SendGDBStoppointTypePacket() add at addr = 0x100003e9c
 Plan Step over breakpoint trap auto-continue: true.
 Popping plan: "Step over breakpoint trap", tid = 0x384e.
 Plan stack final state:
  thread #1: tid = 0x384e:
    Active plan stack:
      Element 0: Base thread plan.
    Completed plan stack:
      Element 0: Single stepping past breakpoint site 4 at 0x100003e9c

 vvvvvvvv Thread::ShouldStop End (returning 0) vvvvvvvv
 ThreadList::ShouldStop overall should_stop = 0
 ThreadList::ShouldReportStop 1 threads
 Thread::ShouldReportStop() tid = 0x384e: returning vote for complete stack's back plan
 Returning vote: no
 Returning no
 Process::ShouldBroadcastEvent: should_resume: 1 state: stopped was_restarted: 0 report_stop_vote: -1.
 Process::ShouldBroadcastEvent (0x105004790) Restarting process from state: stopped
 Process::PrivateResume() m_stop_id = 9, public state: running private state: stopped
 WillResume Thread #1 (0x0x11dd79958): tid = 0x384e, pc = 0x100003ba0, sp = 0x16fdfed40, fp = 0x16fdfed70, plan = 'base plan', state = running, stop others = 0
 (plugin = gdb-remote, state = running)
 Process thinks the process has resumed.
 Process::ShouldBroadcastEvent (0x105004790) => new state: stopped, last broadcast state: running - NO
 Process::HandlePrivateEvent (pid = 1431) suppressing state stopped (old state running): should_broadcast == false
 timeout = <infinite>, event_sp)...
 Process::ShouldBroadcastEvent (0x105004760) => new state: running, last broadcast state: running - NO
 Process::HandlePrivateEvent (pid = 1431) suppressing state running (old state running): should_broadcast == false
 timeout = <infinite>, event_sp)...
 Process::GetSTDOUT (buf = 0x16d8428a0, size = 1024)
 Process::GetSTDOUT (buf = 0x16d8428a0, size = 1024)
 Process::GetSTDOUT (buf = 0x16d8428a0, size = 1024)
 Process::GetSTDOUT (buf = 0x16d8428a0, size = 1024)
 Process::GetSTDOUT (buf = 0x16d8428a0, size = 1024)
 Process::GetSTDOUT (buf = 0x16d8428a0, size = 1024)
 Process::GetSTDOUT (buf = 0x16d8428a0, size = 1024)
 Process::GetSTDOUT (buf = 0x16d8428a0, size = 1024)
 Process::GetSTDOUT (buf = 0x16d8428a0, size = 1024)
 Process::GetSTDOUT (buf = 0x16d8428a0, size = 1024)
 Process::GetSTDOUT (buf = 0x16d8428a0, size = 1024)
 Process::GetSTDOUT (buf = 0x16d8428a0, size = 1024)
 Process::GetSTDOUT (buf = 0x16d8428a0, size = 1024)
 Process::GetSTDOUT (buf = 0x16d8428a0, size = 1024)
 ::waitpid (pid = 1431, &status, 0) => pid = 1431, status = 0x00000000 (EXITED), signal = 0, exit_status = 0
 pid = 1431, signal = 0, status = 0
 (plugin = gdb-remote status=0 (0x00000000), description="")
 (plugin = gdb-remote, state = exited)
 (plugin = gdb-remote, state = exited, stop_id = 10
 Process::ShouldBroadcastEvent (0x10510a340) => new state: exited, last broadcast state: exited - YES
 Process::HandlePrivateEvent (pid = 1431) broadcasting new state exited (old state exited) to public
 Process::RunPrivateStateThread (arg = 0x1068b0000, pid = 1431) about to exit with internal state exited...
 Process::RunPrivateStateThread (arg = 0x1068b0000, pid = 1431) thread exiting...
 (plugin = gdb-remote, state = exited, restarted = 0)
 (plugin = gdb-remote, state = exited) -- unlocking run lock
 ::waitpid (pid = 1432, &status, 0) => pid = 1432, status = 0x00000000 (EXITED), signal = 0, exit_status = 0
 Processing command: q
 HandleCommand, cmd_obj : 'quit'
 HandleCommand, (revised) command_string: 'quit'
 HandleCommand, wants_raw_input:'False'
 HandleCommand, command line after removing command name(s): ''
 HandleCommand, command did not succeed
 (plugin = gdb-remote status=6 (0x00000006), description="destroying when not connected to debugserver")
 (plugin = gdb-remote) ignoring exit status because state was already set to eStateExited
 Process::ControlPrivateStateThread (signal = 1)
 Sending control event of type: 1.
 Target::RemoveBreakpointByID (break_id = -3, internal = yes)

 Target::DisableBreakpointByID (break_id = -3, internal = yes)

 Target::DisableAllWatchpoints

 Target::ClearAllWatchpointHitCounts

 Target::ClearAllWatchpointHistoricValues

 Went to stop the private state thread, but it was already invalid.
 Couldn't get scratch TypeSystemClang
