 Processing command: b 10
 HandleCommand, cmd_obj : '_regexp-break'
 HandleCommand, (revised) command_string: '_regexp-break 10'
 HandleCommand, wants_raw_input:'True'
 HandleCommand, command line after removing command name(s): '10'
 Processing command: breakpoint set --line 10
 HandleCommand, cmd_obj : 'breakpoint set'
 HandleCommand, (revised) command_string: 'breakpoint set --line 10'
 HandleCommand, wants_raw_input:'False'
 HandleCommand, command line after removing command name(s): '--line 10'
 HandleCommand, command did not succeed
 HandleCommand, command did not succeed
 Processing command: r
 HandleCommand, cmd_obj : 'process launch'
 HandleCommand, (revised) command_string: 'process launch -X true --'
 HandleCommand, wants_raw_input:'False'
 Repeat command: 
 HandleCommand, command line after removing command name(s): '-X true --'
 HandleCommand, command did not succeed
 Processing command: b main
 HandleCommand, cmd_obj : '_regexp-break'
 HandleCommand, (revised) command_string: '_regexp-break main'
 HandleCommand, wants_raw_input:'True'
 HandleCommand, command line after removing command name(s): 'main'
 Processing command: breakpoint set --name 'main'
 HandleCommand, cmd_obj : 'breakpoint set'
 HandleCommand, (revised) command_string: 'breakpoint set --name 'main''
 HandleCommand, wants_raw_input:'False'
 HandleCommand, command line after removing command name(s): '--name 'main''
 Target::AddBreakpoint (internal = no) => break_id = 1: name = 'main'


 HandleCommand, command succeeded
 HandleCommand, command succeeded
 Processing command: b 11
 HandleCommand, cmd_obj : '_regexp-break'
 HandleCommand, (revised) command_string: '_regexp-break 11'
 HandleCommand, wants_raw_input:'True'
 HandleCommand, command line after removing command name(s): '11'
 Processing command: breakpoint set --line 11
 HandleCommand, cmd_obj : 'breakpoint set'
 HandleCommand, (revised) command_string: 'breakpoint set --line 11'
 HandleCommand, wants_raw_input:'False'
 HandleCommand, command line after removing command name(s): '--line 11'
 HandleCommand, command did not succeed
 HandleCommand, command did not succeed
 Processing command: breakpoint 11
 HandleCommand, cmd_obj : 'breakpoint'
 HandleCommand, (revised) command_string: 'breakpoint 11'
 HandleCommand, wants_raw_input:'False'
 HandleCommand, command line after removing command name(s): '11'
 HandleCommand, command did not succeed
